{"C:\\Users\\kslhunter\\AppData\\Local\\JetBrains\\Toolbox\\apps\\WebStorm\\ch-0\\181.5281.31\\plugins\\NodeJS\\js\\mocha-intellij\\lib\\mochaIntellijReporter.js":{"path":"C:\\Users\\kslhunter\\AppData\\Local\\JetBrains\\Toolbox\\apps\\WebStorm\\ch-0\\181.5281.31\\plugins\\NodeJS\\js\\mocha-intellij\\lib\\mochaIntellijReporter.js","statementMap":{"0":{"start":{"line":1,"column":11},"end":{"line":1,"column":41}},"1":{"start":{"line":2,"column":11},"end":{"line":2,"column":41}},"2":{"start":{"line":3,"column":15},"end":{"line":3,"column":41}},"3":{"start":{"line":4,"column":18},"end":{"line":4,"column":57}},"4":{"start":{"line":5,"column":25},"end":{"line":5,"column":58}},"5":{"start":{"line":13,"column":15},"end":{"line":13,"column":51}},"6":{"start":{"line":14,"column":19},"end":{"line":14,"column":28}},"7":{"start":{"line":15,"column":2},"end":{"line":26,"column":3}},"8":{"start":{"line":16,"column":16},"end":{"line":16,"column":31}},"9":{"start":{"line":17,"column":20},"end":{"line":17,"column":31}},"10":{"start":{"line":18,"column":20},"end":{"line":18,"column":51}},"11":{"start":{"line":19,"column":4},"end":{"line":24,"column":5}},"12":{"start":{"line":20,"column":25},"end":{"line":20,"column":74}},"13":{"start":{"line":21,"column":6},"end":{"line":21,"column":81}},"14":{"start":{"line":22,"column":6},"end":{"line":22,"column":27}},"15":{"start":{"line":23,"column":6},"end":{"line":23,"column":49}},"16":{"start":{"line":25,"column":4},"end":{"line":25,"column":27}},"17":{"start":{"line":27,"column":2},"end":{"line":27,"column":20}},"18":{"start":{"line":31,"column":15},"end":{"line":31,"column":17}},"19":{"start":{"line":32,"column":10},"end":{"line":32,"column":15}},"20":{"start":{"line":33,"column":2},"end":{"line":36,"column":3}},"21":{"start":{"line":34,"column":4},"end":{"line":34,"column":19}},"22":{"start":{"line":35,"column":4},"end":{"line":35,"column":17}},"23":{"start":{"line":37,"column":2},"end":{"line":37,"column":19}},"24":{"start":{"line":38,"column":2},"end":{"line":38,"column":16}},"25":{"start":{"line":48,"column":14},"end":{"line":48,"column":16}},"26":{"start":{"line":49,"column":13},"end":{"line":49,"column":19}},"27":{"start":{"line":50,"column":13},"end":{"line":50,"column":27}},"28":{"start":{"line":51,"column":2},"end":{"line":54,"column":3}},"29":{"start":{"line":52,"column":4},"end":{"line":52,"column":26}},"30":{"start":{"line":53,"column":4},"end":{"line":53,"column":23}},"31":{"start":{"line":55,"column":2},"end":{"line":55,"column":33}},"32":{"start":{"line":56,"column":2},"end":{"line":56,"column":18}},"33":{"start":{"line":57,"column":2},"end":{"line":57,"column":24}},"34":{"start":{"line":58,"column":2},"end":{"line":58,"column":52}},"35":{"start":{"line":62,"column":16},"end":{"line":62,"column":33}},"36":{"start":{"line":63,"column":14},"end":{"line":63,"column":23}},"37":{"start":{"line":64,"column":2},"end":{"line":68,"column":3}},"38":{"start":{"line":65,"column":4},"end":{"line":67,"column":5}},"39":{"start":{"line":69,"column":14},"end":{"line":69,"column":36}},"40":{"start":{"line":70,"column":2},"end":{"line":77,"column":3}},"41":{"start":{"line":71,"column":4},"end":{"line":71,"column":53}},"42":{"start":{"line":72,"column":4},"end":{"line":72,"column":40}},"43":{"start":{"line":73,"column":13},"end":{"line":73,"column":17}},"44":{"start":{"line":74,"column":4},"end":{"line":76,"column":5}},"45":{"start":{"line":75,"column":6},"end":{"line":75,"column":41}},"46":{"start":{"line":78,"column":2},"end":{"line":81,"column":3}},"47":{"start":{"line":90,"column":17},"end":{"line":90,"column":46}},"48":{"start":{"line":91,"column":2},"end":{"line":93,"column":3}},"49":{"start":{"line":92,"column":4},"end":{"line":92,"column":58}},"50":{"start":{"line":94,"column":18},"end":{"line":94,"column":62}},"51":{"start":{"line":95,"column":21},"end":{"line":95,"column":70}},"52":{"start":{"line":96,"column":2},"end":{"line":96,"column":70}},"53":{"start":{"line":97,"column":2},"end":{"line":97,"column":22}},"54":{"start":{"line":98,"column":2},"end":{"line":98,"column":42}},"55":{"start":{"line":99,"column":2},"end":{"line":99,"column":18}},"56":{"start":{"line":108,"column":17},"end":{"line":108,"column":46}},"57":{"start":{"line":109,"column":2},"end":{"line":111,"column":3}},"58":{"start":{"line":110,"column":4},"end":{"line":110,"column":44}},"59":{"start":{"line":112,"column":2},"end":{"line":112,"column":19}},"60":{"start":{"line":113,"column":2},"end":{"line":113,"column":18}},"61":{"start":{"line":122,"column":2},"end":{"line":136,"column":3}},"62":{"start":{"line":123,"column":4},"end":{"line":135,"column":5}},"63":{"start":{"line":124,"column":6},"end":{"line":124,"column":30}},"64":{"start":{"line":127,"column":20},"end":{"line":127,"column":39}},"65":{"start":{"line":128,"column":6},"end":{"line":134,"column":7}},"66":{"start":{"line":129,"column":18},"end":{"line":129,"column":50}},"67":{"start":{"line":130,"column":8},"end":{"line":132,"column":9}},"68":{"start":{"line":131,"column":10},"end":{"line":131,"column":55}},"69":{"start":{"line":133,"column":8},"end":{"line":133,"column":32}},"70":{"start":{"line":146,"column":17},"end":{"line":146,"column":46}},"71":{"start":{"line":147,"column":2},"end":{"line":154,"column":3}},"72":{"start":{"line":152,"column":4},"end":{"line":152,"column":29}},"73":{"start":{"line":153,"column":4},"end":{"line":153,"column":11}},"74":{"start":{"line":155,"column":2},"end":{"line":155,"column":35}},"75":{"start":{"line":156,"column":2},"end":{"line":181,"column":3}},"76":{"start":{"line":157,"column":19},"end":{"line":157,"column":50}},"77":{"start":{"line":158,"column":17},"end":{"line":158,"column":46}},"78":{"start":{"line":159,"column":22},"end":{"line":159,"column":26}},"79":{"start":{"line":159,"column":40},"end":{"line":159,"column":44}},"80":{"start":{"line":160,"column":4},"end":{"line":172,"column":5}},"81":{"start":{"line":161,"column":6},"end":{"line":171,"column":7}},"82":{"start":{"line":165,"column":8},"end":{"line":165,"column":42}},"83":{"start":{"line":166,"column":8},"end":{"line":166,"column":38}},"84":{"start":{"line":169,"column":8},"end":{"line":169,"column":54}},"85":{"start":{"line":170,"column":8},"end":{"line":170,"column":50}},"86":{"start":{"line":173,"column":18},"end":{"line":173,"column":37}},"87":{"start":{"line":174,"column":4},"end":{"line":176,"column":104}},"88":{"start":{"line":179,"column":17},"end":{"line":179,"column":83}},"89":{"start":{"line":180,"column":4},"end":{"line":180,"column":83}},"90":{"start":{"line":182,"column":2},"end":{"line":187,"column":3}},"91":{"start":{"line":183,"column":4},"end":{"line":183,"column":33}},"92":{"start":{"line":186,"column":4},"end":{"line":186,"column":27}},"93":{"start":{"line":197,"column":2},"end":{"line":199,"column":3}},"94":{"start":{"line":198,"column":4},"end":{"line":198,"column":21}},"95":{"start":{"line":200,"column":2},"end":{"line":200,"column":15}},"96":{"start":{"line":208,"column":2},"end":{"line":208,"column":30}},"97":{"start":{"line":216,"column":2},"end":{"line":216,"column":85}},"98":{"start":{"line":224,"column":2},"end":{"line":224,"column":86}},"99":{"start":{"line":233,"column":2},"end":{"line":238,"column":5}},"100":{"start":{"line":234,"column":19},"end":{"line":234,"column":48}},"101":{"start":{"line":235,"column":4},"end":{"line":237,"column":5}},"102":{"start":{"line":236,"column":6},"end":{"line":236,"column":51}},"103":{"start":{"line":242,"column":2},"end":{"line":242,"column":46}},"104":{"start":{"line":246,"column":13},"end":{"line":246,"column":18}},"105":{"start":{"line":247,"column":20},"end":{"line":247,"column":54}},"106":{"start":{"line":248,"column":2},"end":{"line":254,"column":3}},"107":{"start":{"line":249,"column":19},"end":{"line":249,"column":55}},"108":{"start":{"line":250,"column":4},"end":{"line":253,"column":5}},"109":{"start":{"line":251,"column":6},"end":{"line":251,"column":45}},"110":{"start":{"line":252,"column":6},"end":{"line":252,"column":18}},"111":{"start":{"line":255,"column":2},"end":{"line":257,"column":3}},"112":{"start":{"line":256,"column":4},"end":{"line":256,"column":46}},"113":{"start":{"line":264,"column":18},"end":{"line":264,"column":49}},"114":{"start":{"line":265,"column":2},"end":{"line":267,"column":3}},"115":{"start":{"line":266,"column":4},"end":{"line":266,"column":61}},"116":{"start":{"line":268,"column":2},"end":{"line":268,"column":26}},"117":{"start":{"line":271,"column":21},"end":{"line":271,"column":47}},"118":{"start":{"line":272,"column":0},"end":{"line":274,"column":1}},"119":{"start":{"line":273,"column":2},"end":{"line":273,"column":59}},"120":{"start":{"line":277,"column":2},"end":{"line":279,"column":3}},"121":{"start":{"line":278,"column":4},"end":{"line":278,"column":36}},"122":{"start":{"line":282,"column":23},"end":{"line":284,"column":4}},"123":{"start":{"line":283,"column":4},"end":{"line":283,"column":27}},"124":{"start":{"line":286,"column":2},"end":{"line":308,"column":6}},"125":{"start":{"line":287,"column":4},"end":{"line":289,"column":7}},"126":{"start":{"line":288,"column":6},"end":{"line":288,"column":30}},"127":{"start":{"line":290,"column":4},"end":{"line":290,"column":49}},"128":{"start":{"line":291,"column":4},"end":{"line":291,"column":26}},"129":{"start":{"line":293,"column":16},"end":{"line":293,"column":18}},"130":{"start":{"line":294,"column":4},"end":{"line":302,"column":7}},"131":{"start":{"line":295,"column":18},"end":{"line":295,"column":22}},"132":{"start":{"line":296,"column":6},"end":{"line":298,"column":7}},"133":{"start":{"line":297,"column":8},"end":{"line":297,"column":52}},"134":{"start":{"line":299,"column":6},"end":{"line":301,"column":7}},"135":{"start":{"line":300,"column":8},"end":{"line":300,"column":25}},"136":{"start":{"line":304,"column":4},"end":{"line":304,"column":73}},"137":{"start":{"line":305,"column":4},"end":{"line":307,"column":7}},"138":{"start":{"line":306,"column":6},"end":{"line":306,"column":35}},"139":{"start":{"line":310,"column":2},"end":{"line":315,"column":6}},"140":{"start":{"line":311,"column":20},"end":{"line":311,"column":51}},"141":{"start":{"line":312,"column":4},"end":{"line":314,"column":5}},"142":{"start":{"line":313,"column":6},"end":{"line":313,"column":24}},"143":{"start":{"line":317,"column":2},"end":{"line":320,"column":6}},"144":{"start":{"line":318,"column":4},"end":{"line":318,"column":32}},"145":{"start":{"line":319,"column":4},"end":{"line":319,"column":26}},"146":{"start":{"line":322,"column":2},"end":{"line":325,"column":6}},"147":{"start":{"line":323,"column":4},"end":{"line":323,"column":32}},"148":{"start":{"line":324,"column":4},"end":{"line":324,"column":53}},"149":{"start":{"line":327,"column":2},"end":{"line":330,"column":6}},"150":{"start":{"line":328,"column":4},"end":{"line":328,"column":32}},"151":{"start":{"line":329,"column":4},"end":{"line":329,"column":53}},"152":{"start":{"line":332,"column":2},"end":{"line":344,"column":6}},"153":{"start":{"line":333,"column":4},"end":{"line":333,"column":32}},"154":{"start":{"line":334,"column":4},"end":{"line":343,"column":5}},"155":{"start":{"line":335,"column":6},"end":{"line":335,"column":51}},"156":{"start":{"line":337,"column":9},"end":{"line":343,"column":5}},"157":{"start":{"line":338,"column":6},"end":{"line":338,"column":38}},"158":{"start":{"line":339,"column":6},"end":{"line":339,"column":68}},"159":{"start":{"line":342,"column":6},"end":{"line":342,"column":54}},"160":{"start":{"line":346,"column":2},"end":{"line":351,"column":6}},"161":{"start":{"line":347,"column":4},"end":{"line":347,"column":32}},"162":{"start":{"line":348,"column":4},"end":{"line":350,"column":5}},"163":{"start":{"line":349,"column":6},"end":{"line":349,"column":25}},"164":{"start":{"line":353,"column":2},"end":{"line":357,"column":6}},"165":{"start":{"line":354,"column":4},"end":{"line":354,"column":32}},"166":{"start":{"line":355,"column":4},"end":{"line":355,"column":27}},"167":{"start":{"line":356,"column":4},"end":{"line":356,"column":16}},"168":{"start":{"line":361,"column":0},"end":{"line":361,"column":34}}},"fnMap":{"0":{"name":"findOrCreateAndRegisterSuiteNode","decl":{"start":{"line":12,"column":9},"end":{"line":12,"column":41}},"loc":{"start":{"line":12,"column":54},"end":{"line":28,"column":1}},"line":12},"1":{"name":"getSuitesFromRootDownTo","decl":{"start":{"line":30,"column":9},"end":{"line":30,"column":32}},"loc":{"start":{"line":30,"column":40},"end":{"line":39,"column":1}},"line":30},"2":{"name":"getLocationPath","decl":{"start":{"line":47,"column":9},"end":{"line":47,"column":24}},"loc":{"start":{"line":47,"column":58},"end":{"line":59,"column":1}},"line":47},"3":{"name":"extractErrInfo","decl":{"start":{"line":61,"column":9},"end":{"line":61,"column":23}},"loc":{"start":{"line":61,"column":29},"end":{"line":82,"column":1}},"line":61},"4":{"name":"registerTestNode","decl":{"start":{"line":89,"column":9},"end":{"line":89,"column":25}},"loc":{"start":{"line":89,"column":38},"end":{"line":100,"column":1}},"line":89},"5":{"name":"startTest","decl":{"start":{"line":107,"column":9},"end":{"line":107,"column":18}},"loc":{"start":{"line":107,"column":31},"end":{"line":114,"column":1}},"line":107},"6":{"name":"addStdErr","decl":{"start":{"line":121,"column":9},"end":{"line":121,"column":18}},"loc":{"start":{"line":121,"column":34},"end":{"line":137,"column":1}},"line":121},"7":{"name":"finishTestNode","decl":{"start":{"line":145,"column":9},"end":{"line":145,"column":23}},"loc":{"start":{"line":145,"column":57},"end":{"line":188,"column":1}},"line":145},"8":{"name":"getOwnProperty","decl":{"start":{"line":195,"column":9},"end":{"line":195,"column":23}},"loc":{"start":{"line":195,"column":34},"end":{"line":201,"column":1}},"line":195},"9":{"name":"isHook","decl":{"start":{"line":207,"column":9},"end":{"line":207,"column":15}},"loc":{"start":{"line":207,"column":22},"end":{"line":209,"column":1}},"line":207},"10":{"name":"isBeforeAllHook","decl":{"start":{"line":215,"column":9},"end":{"line":215,"column":24}},"loc":{"start":{"line":215,"column":31},"end":{"line":217,"column":1}},"line":215},"11":{"name":"isBeforeEachHook","decl":{"start":{"line":223,"column":9},"end":{"line":223,"column":25}},"loc":{"start":{"line":223,"column":32},"end":{"line":225,"column":1}},"line":223},"12":{"name":"markChildrenFailed","decl":{"start":{"line":232,"column":9},"end":{"line":232,"column":27}},"loc":{"start":{"line":232,"column":48},"end":{"line":239,"column":1}},"line":232},"13":{"name":"(anonymous_13)","decl":{"start":{"line":233,"column":22},"end":{"line":233,"column":23}},"loc":{"start":{"line":233,"column":38},"end":{"line":238,"column":3}},"line":233},"14":{"name":"getCurrentTest","decl":{"start":{"line":241,"column":9},"end":{"line":241,"column":23}},"loc":{"start":{"line":241,"column":29},"end":{"line":243,"column":1}},"line":241},"15":{"name":"handleBeforeEachHookFailure","decl":{"start":{"line":245,"column":9},"end":{"line":245,"column":36}},"loc":{"start":{"line":245,"column":64},"end":{"line":258,"column":1}},"line":245},"16":{"name":"finishSuite","decl":{"start":{"line":263,"column":9},"end":{"line":263,"column":20}},"loc":{"start":{"line":263,"column":28},"end":{"line":269,"column":1}},"line":263},"17":{"name":"IntellijReporter","decl":{"start":{"line":276,"column":9},"end":{"line":276,"column":25}},"loc":{"start":{"line":276,"column":34},"end":{"line":359,"column":1}},"line":276},"18":{"name":"(anonymous_18)","decl":{"start":{"line":282,"column":46},"end":{"line":282,"column":47}},"loc":{"start":{"line":282,"column":66},"end":{"line":284,"column":3}},"line":282},"19":{"name":"(anonymous_19)","decl":{"start":{"line":286,"column":33},"end":{"line":286,"column":34}},"loc":{"start":{"line":286,"column":45},"end":{"line":308,"column":3}},"line":286},"20":{"name":"(anonymous_20)","decl":{"start":{"line":287,"column":20},"end":{"line":287,"column":21}},"loc":{"start":{"line":287,"column":35},"end":{"line":289,"column":5}},"line":287},"21":{"name":"(anonymous_21)","decl":{"start":{"line":294,"column":33},"end":{"line":294,"column":34}},"loc":{"start":{"line":294,"column":49},"end":{"line":302,"column":5}},"line":294},"22":{"name":"(anonymous_22)","decl":{"start":{"line":305,"column":18},"end":{"line":305,"column":19}},"loc":{"start":{"line":305,"column":34},"end":{"line":307,"column":5}},"line":305},"23":{"name":"(anonymous_23)","decl":{"start":{"line":310,"column":33},"end":{"line":310,"column":34}},"loc":{"start":{"line":310,"column":50},"end":{"line":315,"column":3}},"line":310},"24":{"name":"(anonymous_24)","decl":{"start":{"line":317,"column":32},"end":{"line":317,"column":33}},"loc":{"start":{"line":317,"column":48},"end":{"line":320,"column":3}},"line":317},"25":{"name":"(anonymous_25)","decl":{"start":{"line":322,"column":35},"end":{"line":322,"column":36}},"loc":{"start":{"line":322,"column":51},"end":{"line":325,"column":3}},"line":322},"26":{"name":"(anonymous_26)","decl":{"start":{"line":327,"column":32},"end":{"line":327,"column":33}},"loc":{"start":{"line":327,"column":48},"end":{"line":330,"column":3}},"line":327},"27":{"name":"(anonymous_27)","decl":{"start":{"line":332,"column":32},"end":{"line":332,"column":33}},"loc":{"start":{"line":332,"column":53},"end":{"line":344,"column":3}},"line":332},"28":{"name":"(anonymous_28)","decl":{"start":{"line":346,"column":37},"end":{"line":346,"column":38}},"loc":{"start":{"line":346,"column":54},"end":{"line":351,"column":3}},"line":346},"29":{"name":"(anonymous_29)","decl":{"start":{"line":353,"column":31},"end":{"line":353,"column":32}},"loc":{"start":{"line":353,"column":43},"end":{"line":357,"column":3}},"line":353}},"branchMap":{"0":{"loc":{"start":{"line":19,"column":4},"end":{"line":24,"column":5}},"type":"if","locations":[{"start":{"line":19,"column":4},"end":{"line":24,"column":5}},{"start":{"line":19,"column":4},"end":{"line":24,"column":5}}],"line":19},"1":{"loc":{"start":{"line":33,"column":9},"end":{"line":33,"column":29}},"type":"binary-expr","locations":[{"start":{"line":33,"column":9},"end":{"line":33,"column":18}},{"start":{"line":33,"column":22},"end":{"line":33,"column":29}}],"line":33},"2":{"loc":{"start":{"line":55,"column":13},"end":{"line":55,"column":31}},"type":"binary-expr","locations":[{"start":{"line":55,"column":13},"end":{"line":55,"column":25}},{"start":{"line":55,"column":29},"end":{"line":55,"column":31}}],"line":55},"3":{"loc":{"start":{"line":62,"column":16},"end":{"line":62,"column":33}},"type":"binary-expr","locations":[{"start":{"line":62,"column":16},"end":{"line":62,"column":27}},{"start":{"line":62,"column":31},"end":{"line":62,"column":33}}],"line":62},"4":{"loc":{"start":{"line":64,"column":2},"end":{"line":68,"column":3}},"type":"if","locations":[{"start":{"line":64,"column":2},"end":{"line":68,"column":3}},{"start":{"line":64,"column":2},"end":{"line":68,"column":3}}],"line":64},"5":{"loc":{"start":{"line":64,"column":6},"end":{"line":64,"column":55}},"type":"binary-expr","locations":[{"start":{"line":64,"column":6},"end":{"line":64,"column":27}},{"start":{"line":64,"column":31},"end":{"line":64,"column":55}}],"line":64},"6":{"loc":{"start":{"line":70,"column":2},"end":{"line":77,"column":3}},"type":"if","locations":[{"start":{"line":70,"column":2},"end":{"line":77,"column":3}},{"start":{"line":70,"column":2},"end":{"line":77,"column":3}}],"line":70},"7":{"loc":{"start":{"line":74,"column":4},"end":{"line":76,"column":5}},"type":"if","locations":[{"start":{"line":74,"column":4},"end":{"line":76,"column":5}},{"start":{"line":74,"column":4},"end":{"line":76,"column":5}}],"line":74},"8":{"loc":{"start":{"line":91,"column":2},"end":{"line":93,"column":3}},"type":"if","locations":[{"start":{"line":91,"column":2},"end":{"line":93,"column":3}},{"start":{"line":91,"column":2},"end":{"line":93,"column":3}}],"line":91},"9":{"loc":{"start":{"line":109,"column":2},"end":{"line":111,"column":3}},"type":"if","locations":[{"start":{"line":109,"column":2},"end":{"line":111,"column":3}},{"start":{"line":109,"column":2},"end":{"line":111,"column":3}}],"line":109},"10":{"loc":{"start":{"line":122,"column":2},"end":{"line":136,"column":3}},"type":"if","locations":[{"start":{"line":122,"column":2},"end":{"line":136,"column":3}},{"start":{"line":122,"column":2},"end":{"line":136,"column":3}}],"line":122},"11":{"loc":{"start":{"line":123,"column":4},"end":{"line":135,"column":5}},"type":"if","locations":[{"start":{"line":123,"column":4},"end":{"line":135,"column":5}},{"start":{"line":123,"column":4},"end":{"line":135,"column":5}}],"line":123},"12":{"loc":{"start":{"line":128,"column":6},"end":{"line":134,"column":7}},"type":"if","locations":[{"start":{"line":128,"column":6},"end":{"line":134,"column":7}},{"start":{"line":128,"column":6},"end":{"line":134,"column":7}}],"line":128},"13":{"loc":{"start":{"line":129,"column":18},"end":{"line":129,"column":50}},"type":"binary-expr","locations":[{"start":{"line":129,"column":18},"end":{"line":129,"column":33}},{"start":{"line":129,"column":37},"end":{"line":129,"column":50}}],"line":129},"14":{"loc":{"start":{"line":130,"column":8},"end":{"line":132,"column":9}},"type":"if","locations":[{"start":{"line":130,"column":8},"end":{"line":132,"column":9}},{"start":{"line":130,"column":8},"end":{"line":132,"column":9}}],"line":130},"15":{"loc":{"start":{"line":130,"column":12},"end":{"line":130,"column":44}},"type":"binary-expr","locations":[{"start":{"line":130,"column":12},"end":{"line":130,"column":27}},{"start":{"line":130,"column":31},"end":{"line":130,"column":44}}],"line":130},"16":{"loc":{"start":{"line":147,"column":2},"end":{"line":154,"column":3}},"type":"if","locations":[{"start":{"line":147,"column":2},"end":{"line":154,"column":3}},{"start":{"line":147,"column":2},"end":{"line":154,"column":3}}],"line":147},"17":{"loc":{"start":{"line":147,"column":6},"end":{"line":147,"column":47}},"type":"binary-expr","locations":[{"start":{"line":147,"column":6},"end":{"line":147,"column":22}},{"start":{"line":147,"column":26},"end":{"line":147,"column":47}}],"line":147},"18":{"loc":{"start":{"line":156,"column":2},"end":{"line":181,"column":3}},"type":"if","locations":[{"start":{"line":156,"column":2},"end":{"line":181,"column":3}},{"start":{"line":156,"column":2},"end":{"line":181,"column":3}}],"line":156},"19":{"loc":{"start":{"line":160,"column":4},"end":{"line":172,"column":5}},"type":"if","locations":[{"start":{"line":160,"column":4},"end":{"line":172,"column":5}},{"start":{"line":160,"column":4},"end":{"line":172,"column":5}}],"line":160},"20":{"loc":{"start":{"line":160,"column":8},"end":{"line":160,"column":79}},"type":"binary-expr","locations":[{"start":{"line":160,"column":8},"end":{"line":160,"column":30}},{"start":{"line":160,"column":34},"end":{"line":160,"column":53}},{"start":{"line":160,"column":57},"end":{"line":160,"column":79}}],"line":160},"21":{"loc":{"start":{"line":161,"column":6},"end":{"line":171,"column":7}},"type":"if","locations":[{"start":{"line":161,"column":6},"end":{"line":171,"column":7}},{"start":{"line":161,"column":6},"end":{"line":171,"column":7}}],"line":161},"22":{"loc":{"start":{"line":161,"column":10},"end":{"line":161,"column":76}},"type":"binary-expr","locations":[{"start":{"line":161,"column":10},"end":{"line":161,"column":42}},{"start":{"line":161,"column":46},"end":{"line":161,"column":76}}],"line":161},"23":{"loc":{"start":{"line":179,"column":17},"end":{"line":179,"column":83}},"type":"cond-expr","locations":[{"start":{"line":179,"column":32},"end":{"line":179,"column":56}},{"start":{"line":179,"column":59},"end":{"line":179,"column":83}}],"line":179},"24":{"loc":{"start":{"line":182,"column":2},"end":{"line":187,"column":3}},"type":"if","locations":[{"start":{"line":182,"column":2},"end":{"line":187,"column":3}},{"start":{"line":182,"column":2},"end":{"line":187,"column":3}}],"line":182},"25":{"loc":{"start":{"line":197,"column":2},"end":{"line":199,"column":3}},"type":"if","locations":[{"start":{"line":197,"column":2},"end":{"line":199,"column":3}},{"start":{"line":197,"column":2},"end":{"line":199,"column":3}}],"line":197},"26":{"loc":{"start":{"line":216,"column":9},"end":{"line":216,"column":84}},"type":"binary-expr","locations":[{"start":{"line":216,"column":9},"end":{"line":216,"column":21}},{"start":{"line":216,"column":25},"end":{"line":216,"column":35}},{"start":{"line":216,"column":39},"end":{"line":216,"column":84}}],"line":216},"27":{"loc":{"start":{"line":224,"column":9},"end":{"line":224,"column":85}},"type":"binary-expr","locations":[{"start":{"line":224,"column":9},"end":{"line":224,"column":21}},{"start":{"line":224,"column":25},"end":{"line":224,"column":35}},{"start":{"line":224,"column":39},"end":{"line":224,"column":85}}],"line":224},"28":{"loc":{"start":{"line":235,"column":4},"end":{"line":237,"column":5}},"type":"if","locations":[{"start":{"line":235,"column":4},"end":{"line":237,"column":5}},{"start":{"line":235,"column":4},"end":{"line":237,"column":5}}],"line":235},"29":{"loc":{"start":{"line":242,"column":9},"end":{"line":242,"column":45}},"type":"cond-expr","locations":[{"start":{"line":242,"column":23},"end":{"line":242,"column":38}},{"start":{"line":242,"column":41},"end":{"line":242,"column":45}}],"line":242},"30":{"loc":{"start":{"line":248,"column":2},"end":{"line":254,"column":3}},"type":"if","locations":[{"start":{"line":248,"column":2},"end":{"line":254,"column":3}},{"start":{"line":248,"column":2},"end":{"line":254,"column":3}}],"line":248},"31":{"loc":{"start":{"line":250,"column":4},"end":{"line":253,"column":5}},"type":"if","locations":[{"start":{"line":250,"column":4},"end":{"line":253,"column":5}},{"start":{"line":250,"column":4},"end":{"line":253,"column":5}}],"line":250},"32":{"loc":{"start":{"line":255,"column":2},"end":{"line":257,"column":3}},"type":"if","locations":[{"start":{"line":255,"column":2},"end":{"line":257,"column":3}},{"start":{"line":255,"column":2},"end":{"line":257,"column":3}}],"line":255},"33":{"loc":{"start":{"line":265,"column":2},"end":{"line":267,"column":3}},"type":"if","locations":[{"start":{"line":265,"column":2},"end":{"line":267,"column":3}},{"start":{"line":265,"column":2},"end":{"line":267,"column":3}}],"line":265},"34":{"loc":{"start":{"line":272,"column":0},"end":{"line":274,"column":1}},"type":"if","locations":[{"start":{"line":272,"column":0},"end":{"line":274,"column":1}},{"start":{"line":272,"column":0},"end":{"line":274,"column":1}}],"line":272},"35":{"loc":{"start":{"line":277,"column":2},"end":{"line":279,"column":3}},"type":"if","locations":[{"start":{"line":277,"column":2},"end":{"line":279,"column":3}},{"start":{"line":277,"column":2},"end":{"line":279,"column":3}}],"line":277},"36":{"loc":{"start":{"line":296,"column":6},"end":{"line":298,"column":7}},"type":"if","locations":[{"start":{"line":296,"column":6},"end":{"line":298,"column":7}},{"start":{"line":296,"column":6},"end":{"line":298,"column":7}}],"line":296},"37":{"loc":{"start":{"line":299,"column":6},"end":{"line":301,"column":7}},"type":"if","locations":[{"start":{"line":299,"column":6},"end":{"line":301,"column":7}},{"start":{"line":299,"column":6},"end":{"line":301,"column":7}}],"line":299},"38":{"loc":{"start":{"line":312,"column":4},"end":{"line":314,"column":5}},"type":"if","locations":[{"start":{"line":312,"column":4},"end":{"line":314,"column":5}},{"start":{"line":312,"column":4},"end":{"line":314,"column":5}}],"line":312},"39":{"loc":{"start":{"line":334,"column":4},"end":{"line":343,"column":5}},"type":"if","locations":[{"start":{"line":334,"column":4},"end":{"line":343,"column":5}},{"start":{"line":334,"column":4},"end":{"line":343,"column":5}}],"line":334},"40":{"loc":{"start":{"line":337,"column":9},"end":{"line":343,"column":5}},"type":"if","locations":[{"start":{"line":337,"column":9},"end":{"line":343,"column":5}},{"start":{"line":337,"column":9},"end":{"line":343,"column":5}}],"line":337},"41":{"loc":{"start":{"line":348,"column":4},"end":{"line":350,"column":5}},"type":"if","locations":[{"start":{"line":348,"column":4},"end":{"line":350,"column":5}},{"start":{"line":348,"column":4},"end":{"line":350,"column":5}}],"line":348}},"s":{"0":1,"1":1,"2":1,"3":1,"4":1,"5":55,"6":55,"7":55,"8":55,"9":55,"10":55,"11":55,"12":2,"13":2,"14":2,"15":2,"16":55,"17":55,"18":55,"19":55,"20":55,"21":55,"22":55,"23":55,"24":55,"25":57,"26":57,"27":57,"28":57,"29":55,"30":55,"31":57,"32":57,"33":57,"34":57,"35":0,"36":0,"37":0,"38":0,"39":0,"40":0,"41":0,"42":0,"43":0,"44":0,"45":0,"46":0,"47":55,"48":55,"49":0,"50":55,"51":55,"52":55,"53":55,"54":55,"55":55,"56":110,"57":110,"58":0,"59":110,"60":110,"61":0,"62":0,"63":0,"64":0,"65":0,"66":0,"67":0,"68":0,"69":0,"70":55,"71":55,"72":0,"73":0,"74":55,"75":55,"76":0,"77":0,"78":0,"79":0,"80":0,"81":0,"82":0,"83":0,"84":0,"85":0,"86":0,"87":0,"88":55,"89":55,"90":55,"91":55,"92":0,"93":0,"94":0,"95":0,"96":0,"97":0,"98":0,"99":0,"100":0,"101":0,"102":0,"103":0,"104":0,"105":0,"106":0,"107":0,"108":0,"109":0,"110":0,"111":0,"112":0,"113":2,"114":2,"115":0,"116":2,"117":1,"118":1,"119":1,"120":1,"121":1,"122":1,"123":55,"124":1,"125":1,"126":175,"127":1,"128":1,"129":1,"130":1,"131":55,"132":55,"133":55,"134":55,"135":55,"136":1,"137":1,"138":55,"139":1,"140":3,"141":3,"142":2,"143":1,"144":55,"145":55,"146":1,"147":0,"148":0,"149":1,"150":55,"151":55,"152":1,"153":0,"154":0,"155":0,"156":0,"157":0,"158":0,"159":0,"160":1,"161":3,"162":3,"163":2,"164":1,"165":1,"166":1,"167":1,"168":1},"f":{"0":55,"1":55,"2":57,"3":0,"4":55,"5":110,"6":0,"7":55,"8":0,"9":0,"10":0,"11":0,"12":0,"13":0,"14":0,"15":0,"16":2,"17":1,"18":55,"19":1,"20":175,"21":55,"22":55,"23":3,"24":55,"25":0,"26":55,"27":0,"28":3,"29":1},"b":{"0":[2,53],"1":[110,110],"2":[57,0],"3":[0,0],"4":[0,0],"5":[0,0],"6":[0,0],"7":[0,0],"8":[0,55],"9":[0,110],"10":[0,0],"11":[0,0],"12":[0,0],"13":[0,0],"14":[0,0],"15":[0,0],"16":[0,55],"17":[55,55],"18":[0,55],"19":[0,0],"20":[0,0,0],"21":[0,0],"22":[0,0],"23":[0,55],"24":[55,0],"25":[0,0],"26":[0,0,0],"27":[0,0,0],"28":[0,0],"29":[0,0],"30":[0,0],"31":[0,0],"32":[0,0],"33":[0,2],"34":[1,0],"35":[1,0],"36":[55,0],"37":[55,0],"38":[2,1],"39":[0,0],"40":[0,0],"41":[2,1]},"_coverageSchema":"d34fc3e6b8297bcde183f5492bcb8fcb36775295","hash":"513af23a9b9f51cf5545b7c1c1975e50f8b19e79","contentHash":"be952033525c59a4824a2cf1c31689d6_12.0.2"},"C:\\Users\\kslhunter\\AppData\\Local\\JetBrains\\Toolbox\\apps\\WebStorm\\ch-0\\181.5281.31\\plugins\\NodeJS\\js\\mocha-intellij\\lib\\mochaIntellijTree.js":{"path":"C:\\Users\\kslhunter\\AppData\\Local\\JetBrains\\Toolbox\\apps\\WebStorm\\ch-0\\181.5281.31\\plugins\\NodeJS\\js\\mocha-intellij\\lib\\mochaIntellijTree.js","statementMap":{"0":{"start":{"line":1,"column":11},"end":{"line":1,"column":41}},"1":{"start":{"line":4,"column":2},"end":{"line":11,"column":5}},"2":{"start":{"line":20,"column":2},"end":{"line":22,"column":4}},"3":{"start":{"line":21,"column":4},"end":{"line":21,"column":22}},"4":{"start":{"line":28,"column":2},"end":{"line":28,"column":74}},"5":{"start":{"line":33,"column":2},"end":{"line":33,"column":18}},"6":{"start":{"line":36,"column":0},"end":{"line":38,"column":2}},"7":{"start":{"line":37,"column":2},"end":{"line":37,"column":45}},"8":{"start":{"line":40,"column":0},"end":{"line":42,"column":2}},"9":{"start":{"line":41,"column":2},"end":{"line":41,"column":46}},"10":{"start":{"line":61,"column":2},"end":{"line":61,"column":19}},"11":{"start":{"line":66,"column":2},"end":{"line":66,"column":15}},"12":{"start":{"line":71,"column":2},"end":{"line":71,"column":23}},"13":{"start":{"line":76,"column":2},"end":{"line":76,"column":19}},"14":{"start":{"line":81,"column":2},"end":{"line":81,"column":19}},"15":{"start":{"line":86,"column":2},"end":{"line":86,"column":35}},"16":{"start":{"line":91,"column":2},"end":{"line":91,"column":33}},"17":{"start":{"line":100,"column":2},"end":{"line":100,"column":19}},"18":{"start":{"line":102,"column":0},"end":{"line":104,"column":2}},"19":{"start":{"line":103,"column":4},"end":{"line":103,"column":21}},"20":{"start":{"line":105,"column":0},"end":{"line":105,"column":45}},"21":{"start":{"line":106,"column":0},"end":{"line":106,"column":51}},"22":{"start":{"line":107,"column":0},"end":{"line":107,"column":45}},"23":{"start":{"line":108,"column":0},"end":{"line":108,"column":47}},"24":{"start":{"line":115,"column":0},"end":{"line":119,"column":2}},"25":{"start":{"line":116,"column":13},"end":{"line":116,"column":38}},"26":{"start":{"line":117,"column":2},"end":{"line":117,"column":26}},"27":{"start":{"line":118,"column":2},"end":{"line":118,"column":36}},"28":{"start":{"line":125,"column":0},"end":{"line":130,"column":2}},"29":{"start":{"line":126,"column":2},"end":{"line":128,"column":3}},"30":{"start":{"line":127,"column":4},"end":{"line":127,"column":38}},"31":{"start":{"line":129,"column":2},"end":{"line":129,"column":54}},"32":{"start":{"line":137,"column":0},"end":{"line":154,"column":2}},"33":{"start":{"line":138,"column":25},"end":{"line":138,"column":51}},"34":{"start":{"line":139,"column":13},"end":{"line":139,"column":26}},"35":{"start":{"line":140,"column":2},"end":{"line":140,"column":27}},"36":{"start":{"line":141,"column":2},"end":{"line":141,"column":33}},"37":{"start":{"line":142,"column":17},"end":{"line":142,"column":49}},"38":{"start":{"line":143,"column":2},"end":{"line":143,"column":42}},"39":{"start":{"line":144,"column":2},"end":{"line":144,"column":62}},"40":{"start":{"line":145,"column":2},"end":{"line":145,"column":36}},"41":{"start":{"line":146,"column":2},"end":{"line":151,"column":3}},"42":{"start":{"line":147,"column":4},"end":{"line":147,"column":41}},"43":{"start":{"line":148,"column":4},"end":{"line":150,"column":5}},"44":{"start":{"line":149,"column":6},"end":{"line":149,"column":102}},"45":{"start":{"line":152,"column":2},"end":{"line":152,"column":16}},"46":{"start":{"line":153,"column":2},"end":{"line":153,"column":14}},"47":{"start":{"line":163,"column":0},"end":{"line":174,"column":2}},"48":{"start":{"line":164,"column":2},"end":{"line":166,"column":3}},"49":{"start":{"line":165,"column":4},"end":{"line":165,"column":46}},"50":{"start":{"line":167,"column":2},"end":{"line":170,"column":3}},"51":{"start":{"line":169,"column":4},"end":{"line":169,"column":11}},"52":{"start":{"line":171,"column":13},"end":{"line":171,"column":35}},"53":{"start":{"line":172,"column":2},"end":{"line":172,"column":26}},"54":{"start":{"line":173,"column":2},"end":{"line":173,"column":33}},"55":{"start":{"line":180,"column":0},"end":{"line":189,"column":2}},"56":{"start":{"line":181,"column":2},"end":{"line":183,"column":3}},"57":{"start":{"line":182,"column":4},"end":{"line":182,"column":37}},"58":{"start":{"line":184,"column":2},"end":{"line":187,"column":3}},"59":{"start":{"line":185,"column":22},"end":{"line":185,"column":48}},"60":{"start":{"line":186,"column":4},"end":{"line":186,"column":89}},"61":{"start":{"line":188,"column":2},"end":{"line":188,"column":54}},"62":{"start":{"line":196,"column":0},"end":{"line":198,"column":2}},"63":{"start":{"line":197,"column":2},"end":{"line":197,"column":51}},"64":{"start":{"line":205,"column":0},"end":{"line":218,"column":2}},"65":{"start":{"line":206,"column":2},"end":{"line":208,"column":3}},"66":{"start":{"line":207,"column":4},"end":{"line":207,"column":56}},"67":{"start":{"line":209,"column":13},"end":{"line":209,"column":36}},"68":{"start":{"line":210,"column":2},"end":{"line":210,"column":26}},"69":{"start":{"line":211,"column":2},"end":{"line":211,"column":34}},"70":{"start":{"line":212,"column":2},"end":{"line":217,"column":3}},"71":{"start":{"line":213,"column":17},"end":{"line":213,"column":28}},"72":{"start":{"line":214,"column":4},"end":{"line":216,"column":5}},"73":{"start":{"line":215,"column":6},"end":{"line":215,"column":31}},"74":{"start":{"line":223,"column":0},"end":{"line":225,"column":2}},"75":{"start":{"line":224,"column":2},"end":{"line":224,"column":43}},"76":{"start":{"line":231,"column":0},"end":{"line":240,"column":2}},"77":{"start":{"line":232,"column":13},"end":{"line":232,"column":56}},"78":{"start":{"line":233,"column":2},"end":{"line":233,"column":40}},"79":{"start":{"line":234,"column":24},"end":{"line":234,"column":62}},"80":{"start":{"line":235,"column":2},"end":{"line":237,"column":3}},"81":{"start":{"line":236,"column":4},"end":{"line":236,"column":28}},"82":{"start":{"line":238,"column":2},"end":{"line":238,"column":14}},"83":{"start":{"line":239,"column":2},"end":{"line":239,"column":14}},"84":{"start":{"line":247,"column":0},"end":{"line":249,"column":2}},"85":{"start":{"line":248,"column":2},"end":{"line":248,"column":51}},"86":{"start":{"line":251,"column":0},"end":{"line":258,"column":2}},"87":{"start":{"line":252,"column":2},"end":{"line":257,"column":3}},"88":{"start":{"line":253,"column":4},"end":{"line":255,"column":5}},"89":{"start":{"line":254,"column":6},"end":{"line":254,"column":41}},"90":{"start":{"line":256,"column":4},"end":{"line":256,"column":18}},"91":{"start":{"line":273,"column":2},"end":{"line":273,"column":62}},"92":{"start":{"line":278,"column":2},"end":{"line":278,"column":21}},"93":{"start":{"line":283,"column":2},"end":{"line":283,"column":22}},"94":{"start":{"line":288,"column":2},"end":{"line":288,"column":30}},"95":{"start":{"line":291,"column":0},"end":{"line":291,"column":29}},"96":{"start":{"line":298,"column":0},"end":{"line":303,"column":2}},"97":{"start":{"line":299,"column":2},"end":{"line":301,"column":3}},"98":{"start":{"line":300,"column":4},"end":{"line":300,"column":37}},"99":{"start":{"line":302,"column":2},"end":{"line":302,"column":14}},"100":{"start":{"line":309,"column":0},"end":{"line":311,"column":2}},"101":{"start":{"line":310,"column":2},"end":{"line":310,"column":28}},"102":{"start":{"line":317,"column":0},"end":{"line":319,"column":2}},"103":{"start":{"line":318,"column":2},"end":{"line":318,"column":29}},"104":{"start":{"line":325,"column":0},"end":{"line":327,"column":2}},"105":{"start":{"line":326,"column":2},"end":{"line":326,"column":14}},"106":{"start":{"line":336,"column":0},"end":{"line":345,"column":2}},"107":{"start":{"line":337,"column":2},"end":{"line":339,"column":3}},"108":{"start":{"line":338,"column":4},"end":{"line":338,"column":68}},"109":{"start":{"line":340,"column":16},"end":{"line":340,"column":34}},"110":{"start":{"line":341,"column":14},"end":{"line":341,"column":87}},"111":{"start":{"line":342,"column":2},"end":{"line":342,"column":28}},"112":{"start":{"line":343,"column":2},"end":{"line":343,"column":36}},"113":{"start":{"line":344,"column":2},"end":{"line":344,"column":15}},"114":{"start":{"line":354,"column":0},"end":{"line":363,"column":2}},"115":{"start":{"line":355,"column":2},"end":{"line":357,"column":3}},"116":{"start":{"line":356,"column":4},"end":{"line":356,"column":68}},"117":{"start":{"line":358,"column":16},"end":{"line":358,"column":34}},"118":{"start":{"line":359,"column":14},"end":{"line":359,"column":92}},"119":{"start":{"line":360,"column":2},"end":{"line":360,"column":28}},"120":{"start":{"line":361,"column":2},"end":{"line":361,"column":36}},"121":{"start":{"line":362,"column":2},"end":{"line":362,"column":15}},"122":{"start":{"line":368,"column":0},"end":{"line":375,"column":2}},"123":{"start":{"line":369,"column":2},"end":{"line":369,"column":28}},"124":{"start":{"line":370,"column":2},"end":{"line":374,"column":3}},"125":{"start":{"line":371,"column":4},"end":{"line":373,"column":5}},"126":{"start":{"line":372,"column":6},"end":{"line":372,"column":24}},"127":{"start":{"line":389,"column":2},"end":{"line":389,"column":62}},"128":{"start":{"line":394,"column":2},"end":{"line":394,"column":27}},"129":{"start":{"line":399,"column":2},"end":{"line":399,"column":34}},"130":{"start":{"line":404,"column":2},"end":{"line":404,"column":30}},"131":{"start":{"line":409,"column":2},"end":{"line":409,"column":34}},"132":{"start":{"line":414,"column":2},"end":{"line":414,"column":31}},"133":{"start":{"line":419,"column":2},"end":{"line":419,"column":29}},"134":{"start":{"line":424,"column":2},"end":{"line":424,"column":36}},"135":{"start":{"line":429,"column":2},"end":{"line":429,"column":34}},"136":{"start":{"line":432,"column":0},"end":{"line":432,"column":24}},"137":{"start":{"line":440,"column":2},"end":{"line":440,"column":19}},"138":{"start":{"line":442,"column":0},"end":{"line":444,"column":2}},"139":{"start":{"line":443,"column":4},"end":{"line":443,"column":21}},"140":{"start":{"line":446,"column":0},"end":{"line":446,"column":49}},"141":{"start":{"line":447,"column":0},"end":{"line":447,"column":49}},"142":{"start":{"line":448,"column":0},"end":{"line":448,"column":47}},"143":{"start":{"line":449,"column":0},"end":{"line":449,"column":45}},"144":{"start":{"line":451,"column":0},"end":{"line":451,"column":31}},"145":{"start":{"line":464,"column":0},"end":{"line":481,"column":2}},"146":{"start":{"line":467,"column":2},"end":{"line":469,"column":3}},"147":{"start":{"line":468,"column":4},"end":{"line":468,"column":54}},"148":{"start":{"line":470,"column":2},"end":{"line":470,"column":25}},"149":{"start":{"line":471,"column":2},"end":{"line":471,"column":39}},"150":{"start":{"line":472,"column":2},"end":{"line":472,"column":31}},"151":{"start":{"line":473,"column":2},"end":{"line":473,"column":39}},"152":{"start":{"line":474,"column":2},"end":{"line":474,"column":69}},"153":{"start":{"line":475,"column":2},"end":{"line":475,"column":63}},"154":{"start":{"line":476,"column":2},"end":{"line":476,"column":84}},"155":{"start":{"line":477,"column":2},"end":{"line":477,"column":78}},"156":{"start":{"line":478,"column":2},"end":{"line":480,"column":3}},"157":{"start":{"line":479,"column":4},"end":{"line":479,"column":59}},"158":{"start":{"line":487,"column":0},"end":{"line":489,"column":2}},"159":{"start":{"line":488,"column":2},"end":{"line":488,"column":23}},"160":{"start":{"line":495,"column":0},"end":{"line":508,"column":2}},"161":{"start":{"line":496,"column":2},"end":{"line":507,"column":3}},"162":{"start":{"line":498,"column":6},"end":{"line":498,"column":28}},"163":{"start":{"line":500,"column":6},"end":{"line":500,"column":27}},"164":{"start":{"line":502,"column":6},"end":{"line":502,"column":26}},"165":{"start":{"line":504,"column":6},"end":{"line":504,"column":26}},"166":{"start":{"line":506,"column":6},"end":{"line":506,"column":57}},"167":{"start":{"line":515,"column":0},"end":{"line":542,"column":2}},"168":{"start":{"line":516,"column":15},"end":{"line":516,"column":17}},"169":{"start":{"line":517,"column":2},"end":{"line":519,"column":3}},"170":{"start":{"line":518,"column":4},"end":{"line":518,"column":58}},"171":{"start":{"line":520,"column":2},"end":{"line":522,"column":3}},"172":{"start":{"line":521,"column":4},"end":{"line":521,"column":31}},"173":{"start":{"line":523,"column":2},"end":{"line":525,"column":3}},"174":{"start":{"line":524,"column":4},"end":{"line":524,"column":80}},"175":{"start":{"line":526,"column":2},"end":{"line":528,"column":3}},"176":{"start":{"line":527,"column":4},"end":{"line":527,"column":84}},"177":{"start":{"line":529,"column":2},"end":{"line":531,"column":3}},"178":{"start":{"line":530,"column":4},"end":{"line":530,"column":82}},"179":{"start":{"line":532,"column":2},"end":{"line":534,"column":3}},"180":{"start":{"line":533,"column":4},"end":{"line":533,"column":78}},"181":{"start":{"line":535,"column":2},"end":{"line":537,"column":3}},"182":{"start":{"line":536,"column":4},"end":{"line":536,"column":91}},"183":{"start":{"line":538,"column":2},"end":{"line":540,"column":3}},"184":{"start":{"line":539,"column":4},"end":{"line":539,"column":87}},"185":{"start":{"line":541,"column":2},"end":{"line":541,"column":45}},"186":{"start":{"line":547,"column":0},"end":{"line":553,"column":2}},"187":{"start":{"line":548,"column":2},"end":{"line":552,"column":3}},"188":{"start":{"line":549,"column":15},"end":{"line":550,"column":60}},"189":{"start":{"line":551,"column":4},"end":{"line":551,"column":28}},"190":{"start":{"line":555,"column":0},"end":{"line":555,"column":22}}},"fnMap":{"0":{"name":"inherit","decl":{"start":{"line":3,"column":9},"end":{"line":3,"column":16}},"loc":{"start":{"line":3,"column":32},"end":{"line":12,"column":1}},"line":3},"1":{"name":"Tree","decl":{"start":{"line":15,"column":9},"end":{"line":15,"column":13}},"loc":{"start":{"line":15,"column":21},"end":{"line":34,"column":1}},"line":15},"2":{"name":"(anonymous_2)","decl":{"start":{"line":20,"column":17},"end":{"line":20,"column":18}},"loc":{"start":{"line":20,"column":32},"end":{"line":22,"column":3}},"line":20},"3":{"name":"(anonymous_3)","decl":{"start":{"line":36,"column":32},"end":{"line":36,"column":33}},"loc":{"start":{"line":36,"column":44},"end":{"line":38,"column":1}},"line":36},"4":{"name":"(anonymous_4)","decl":{"start":{"line":40,"column":33},"end":{"line":40,"column":34}},"loc":{"start":{"line":40,"column":45},"end":{"line":42,"column":1}},"line":40},"5":{"name":"Node","decl":{"start":{"line":56,"column":9},"end":{"line":56,"column":13}},"loc":{"start":{"line":56,"column":58},"end":{"line":92,"column":1}},"line":56},"6":{"name":"NodeState","decl":{"start":{"line":99,"column":9},"end":{"line":99,"column":18}},"loc":{"start":{"line":99,"column":25},"end":{"line":101,"column":1}},"line":99},"7":{"name":"(anonymous_7)","decl":{"start":{"line":102,"column":31},"end":{"line":102,"column":32}},"loc":{"start":{"line":102,"column":42},"end":{"line":104,"column":1}},"line":102},"8":{"name":"(anonymous_8)","decl":{"start":{"line":115,"column":26},"end":{"line":115,"column":27}},"loc":{"start":{"line":115,"column":38},"end":{"line":119,"column":1}},"line":115},"9":{"name":"(anonymous_9)","decl":{"start":{"line":125,"column":36},"end":{"line":125,"column":37}},"loc":{"start":{"line":125,"column":48},"end":{"line":130,"column":1}},"line":125},"10":{"name":"(anonymous_10)","decl":{"start":{"line":137,"column":32},"end":{"line":137,"column":33}},"loc":{"start":{"line":137,"column":51},"end":{"line":154,"column":1}},"line":137},"11":{"name":"(anonymous_11)","decl":{"start":{"line":163,"column":23},"end":{"line":163,"column":24}},"loc":{"start":{"line":163,"column":35},"end":{"line":174,"column":1}},"line":163},"12":{"name":"(anonymous_12)","decl":{"start":{"line":180,"column":33},"end":{"line":180,"column":34}},"loc":{"start":{"line":180,"column":45},"end":{"line":189,"column":1}},"line":180},"13":{"name":"(anonymous_13)","decl":{"start":{"line":196,"column":37},"end":{"line":196,"column":38}},"loc":{"start":{"line":196,"column":49},"end":{"line":198,"column":1}},"line":196},"14":{"name":"(anonymous_14)","decl":{"start":{"line":205,"column":24},"end":{"line":205,"column":25}},"loc":{"start":{"line":205,"column":54},"end":{"line":218,"column":1}},"line":205},"15":{"name":"(anonymous_15)","decl":{"start":{"line":223,"column":28},"end":{"line":223,"column":29}},"loc":{"start":{"line":223,"column":40},"end":{"line":225,"column":1}},"line":223},"16":{"name":"(anonymous_16)","decl":{"start":{"line":231,"column":34},"end":{"line":231,"column":35}},"loc":{"start":{"line":231,"column":46},"end":{"line":240,"column":1}},"line":231},"17":{"name":"(anonymous_17)","decl":{"start":{"line":247,"column":49},"end":{"line":247,"column":50}},"loc":{"start":{"line":247,"column":61},"end":{"line":249,"column":1}},"line":247},"18":{"name":"(anonymous_18)","decl":{"start":{"line":251,"column":33},"end":{"line":251,"column":34}},"loc":{"start":{"line":251,"column":45},"end":{"line":258,"column":1}},"line":251},"19":{"name":"TestSuiteNode","decl":{"start":{"line":272,"column":9},"end":{"line":272,"column":22}},"loc":{"start":{"line":272,"column":67},"end":{"line":289,"column":1}},"line":272},"20":{"name":"(anonymous_20)","decl":{"start":{"line":298,"column":46},"end":{"line":298,"column":47}},"loc":{"start":{"line":298,"column":66},"end":{"line":303,"column":1}},"line":298},"21":{"name":"(anonymous_21)","decl":{"start":{"line":309,"column":46},"end":{"line":309,"column":47}},"loc":{"start":{"line":309,"column":58},"end":{"line":311,"column":1}},"line":309},"22":{"name":"(anonymous_22)","decl":{"start":{"line":317,"column":47},"end":{"line":317,"column":48}},"loc":{"start":{"line":317,"column":59},"end":{"line":319,"column":1}},"line":317},"23":{"name":"(anonymous_23)","decl":{"start":{"line":325,"column":58},"end":{"line":325,"column":59}},"loc":{"start":{"line":325,"column":70},"end":{"line":327,"column":1}},"line":325},"24":{"name":"(anonymous_24)","decl":{"start":{"line":336,"column":39},"end":{"line":336,"column":40}},"loc":{"start":{"line":336,"column":84},"end":{"line":345,"column":1}},"line":336},"25":{"name":"(anonymous_25)","decl":{"start":{"line":354,"column":44},"end":{"line":354,"column":45}},"loc":{"start":{"line":354,"column":89},"end":{"line":363,"column":1}},"line":354},"26":{"name":"(anonymous_26)","decl":{"start":{"line":368,"column":42},"end":{"line":368,"column":43}},"loc":{"start":{"line":368,"column":53},"end":{"line":375,"column":1}},"line":368},"27":{"name":"TestNode","decl":{"start":{"line":388,"column":9},"end":{"line":388,"column":17}},"loc":{"start":{"line":388,"column":62},"end":{"line":430,"column":1}},"line":388},"28":{"name":"TestOutcome","decl":{"start":{"line":439,"column":9},"end":{"line":439,"column":20}},"loc":{"start":{"line":439,"column":27},"end":{"line":441,"column":1}},"line":439},"29":{"name":"(anonymous_29)","decl":{"start":{"line":442,"column":33},"end":{"line":442,"column":34}},"loc":{"start":{"line":442,"column":45},"end":{"line":444,"column":1}},"line":442},"30":{"name":"(anonymous_30)","decl":{"start":{"line":464,"column":32},"end":{"line":464,"column":33}},"loc":{"start":{"line":466,"column":76},"end":{"line":481,"column":1}},"line":466},"31":{"name":"(anonymous_31)","decl":{"start":{"line":487,"column":41},"end":{"line":487,"column":42}},"loc":{"start":{"line":487,"column":53},"end":{"line":489,"column":1}},"line":487},"32":{"name":"(anonymous_32)","decl":{"start":{"line":495,"column":42},"end":{"line":495,"column":43}},"loc":{"start":{"line":495,"column":54},"end":{"line":508,"column":1}},"line":495},"33":{"name":"(anonymous_33)","decl":{"start":{"line":515,"column":53},"end":{"line":515,"column":54}},"loc":{"start":{"line":515,"column":65},"end":{"line":542,"column":1}},"line":515},"34":{"name":"(anonymous_34)","decl":{"start":{"line":547,"column":31},"end":{"line":547,"column":32}},"loc":{"start":{"line":547,"column":46},"end":{"line":553,"column":1}},"line":547}},"branchMap":{"0":{"loc":{"start":{"line":126,"column":2},"end":{"line":128,"column":3}},"type":"if","locations":[{"start":{"line":126,"column":2},"end":{"line":128,"column":3}},{"start":{"line":126,"column":2},"end":{"line":128,"column":3}}],"line":126},"1":{"loc":{"start":{"line":142,"column":17},"end":{"line":142,"column":49}},"type":"cond-expr","locations":[{"start":{"line":142,"column":31},"end":{"line":142,"column":45}},{"start":{"line":142,"column":48},"end":{"line":142,"column":49}}],"line":142},"2":{"loc":{"start":{"line":146,"column":2},"end":{"line":151,"column":3}},"type":"if","locations":[{"start":{"line":146,"column":2},"end":{"line":151,"column":3}},{"start":{"line":146,"column":2},"end":{"line":151,"column":3}}],"line":146},"3":{"loc":{"start":{"line":148,"column":4},"end":{"line":150,"column":5}},"type":"if","locations":[{"start":{"line":148,"column":4},"end":{"line":150,"column":5}},{"start":{"line":148,"column":4},"end":{"line":150,"column":5}}],"line":148},"4":{"loc":{"start":{"line":164,"column":2},"end":{"line":166,"column":3}},"type":"if","locations":[{"start":{"line":164,"column":2},"end":{"line":166,"column":3}},{"start":{"line":164,"column":2},"end":{"line":166,"column":3}}],"line":164},"5":{"loc":{"start":{"line":167,"column":2},"end":{"line":170,"column":3}},"type":"if","locations":[{"start":{"line":167,"column":2},"end":{"line":170,"column":3}},{"start":{"line":167,"column":2},"end":{"line":170,"column":3}}],"line":167},"6":{"loc":{"start":{"line":181,"column":2},"end":{"line":183,"column":3}},"type":"if","locations":[{"start":{"line":181,"column":2},"end":{"line":183,"column":3}},{"start":{"line":181,"column":2},"end":{"line":183,"column":3}}],"line":181},"7":{"loc":{"start":{"line":184,"column":2},"end":{"line":187,"column":3}},"type":"if","locations":[{"start":{"line":184,"column":2},"end":{"line":187,"column":3}},{"start":{"line":184,"column":2},"end":{"line":187,"column":3}}],"line":184},"8":{"loc":{"start":{"line":206,"column":2},"end":{"line":208,"column":3}},"type":"if","locations":[{"start":{"line":206,"column":2},"end":{"line":208,"column":3}},{"start":{"line":206,"column":2},"end":{"line":208,"column":3}}],"line":206},"9":{"loc":{"start":{"line":206,"column":6},"end":{"line":206,"column":77}},"type":"binary-expr","locations":[{"start":{"line":206,"column":6},"end":{"line":206,"column":41}},{"start":{"line":206,"column":45},"end":{"line":206,"column":77}}],"line":206},"10":{"loc":{"start":{"line":212,"column":2},"end":{"line":217,"column":3}},"type":"if","locations":[{"start":{"line":212,"column":2},"end":{"line":217,"column":3}},{"start":{"line":212,"column":2},"end":{"line":217,"column":3}}],"line":212},"11":{"loc":{"start":{"line":214,"column":4},"end":{"line":216,"column":5}},"type":"if","locations":[{"start":{"line":214,"column":4},"end":{"line":216,"column":5}},{"start":{"line":214,"column":4},"end":{"line":216,"column":5}}],"line":214},"12":{"loc":{"start":{"line":214,"column":8},"end":{"line":214,"column":50}},"type":"binary-expr","locations":[{"start":{"line":214,"column":8},"end":{"line":214,"column":22}},{"start":{"line":214,"column":26},"end":{"line":214,"column":50}}],"line":214},"13":{"loc":{"start":{"line":235,"column":2},"end":{"line":237,"column":3}},"type":"if","locations":[{"start":{"line":235,"column":2},"end":{"line":237,"column":3}},{"start":{"line":235,"column":2},"end":{"line":237,"column":3}}],"line":235},"14":{"loc":{"start":{"line":252,"column":2},"end":{"line":257,"column":3}},"type":"if","locations":[{"start":{"line":252,"column":2},"end":{"line":257,"column":3}},{"start":{"line":252,"column":2},"end":{"line":257,"column":3}}],"line":252},"15":{"loc":{"start":{"line":299,"column":2},"end":{"line":301,"column":3}},"type":"if","locations":[{"start":{"line":299,"column":2},"end":{"line":301,"column":3}},{"start":{"line":299,"column":2},"end":{"line":301,"column":3}}],"line":299},"16":{"loc":{"start":{"line":337,"column":2},"end":{"line":339,"column":3}},"type":"if","locations":[{"start":{"line":337,"column":2},"end":{"line":339,"column":3}},{"start":{"line":337,"column":2},"end":{"line":339,"column":3}}],"line":337},"17":{"loc":{"start":{"line":355,"column":2},"end":{"line":357,"column":3}},"type":"if","locations":[{"start":{"line":355,"column":2},"end":{"line":357,"column":3}},{"start":{"line":355,"column":2},"end":{"line":357,"column":3}}],"line":355},"18":{"loc":{"start":{"line":370,"column":2},"end":{"line":374,"column":3}},"type":"if","locations":[{"start":{"line":370,"column":2},"end":{"line":374,"column":3}},{"start":{"line":370,"column":2},"end":{"line":374,"column":3}}],"line":370},"19":{"loc":{"start":{"line":371,"column":4},"end":{"line":373,"column":5}},"type":"if","locations":[{"start":{"line":371,"column":4},"end":{"line":373,"column":5}},{"start":{"line":371,"column":4},"end":{"line":373,"column":5}}],"line":371},"20":{"loc":{"start":{"line":467,"column":2},"end":{"line":469,"column":3}},"type":"if","locations":[{"start":{"line":467,"column":2},"end":{"line":469,"column":3}},{"start":{"line":467,"column":2},"end":{"line":469,"column":3}}],"line":467},"21":{"loc":{"start":{"line":474,"column":21},"end":{"line":474,"column":68}},"type":"cond-expr","locations":[{"start":{"line":474,"column":50},"end":{"line":474,"column":61}},{"start":{"line":474,"column":64},"end":{"line":474,"column":68}}],"line":474},"22":{"loc":{"start":{"line":475,"column":19},"end":{"line":475,"column":62}},"type":"cond-expr","locations":[{"start":{"line":475,"column":46},"end":{"line":475,"column":55}},{"start":{"line":475,"column":58},"end":{"line":475,"column":62}}],"line":475},"23":{"loc":{"start":{"line":476,"column":26},"end":{"line":476,"column":83}},"type":"cond-expr","locations":[{"start":{"line":476,"column":60},"end":{"line":476,"column":76}},{"start":{"line":476,"column":79},"end":{"line":476,"column":83}}],"line":476},"24":{"loc":{"start":{"line":477,"column":24},"end":{"line":477,"column":77}},"type":"cond-expr","locations":[{"start":{"line":477,"column":56},"end":{"line":477,"column":70}},{"start":{"line":477,"column":73},"end":{"line":477,"column":77}}],"line":477},"25":{"loc":{"start":{"line":478,"column":2},"end":{"line":480,"column":3}},"type":"if","locations":[{"start":{"line":478,"column":2},"end":{"line":480,"column":3}},{"start":{"line":478,"column":2},"end":{"line":480,"column":3}}],"line":478},"26":{"loc":{"start":{"line":478,"column":6},"end":{"line":478,"column":52}},"type":"binary-expr","locations":[{"start":{"line":478,"column":6},"end":{"line":478,"column":37}},{"start":{"line":478,"column":41},"end":{"line":478,"column":52}}],"line":478},"27":{"loc":{"start":{"line":496,"column":2},"end":{"line":507,"column":3}},"type":"switch","locations":[{"start":{"line":497,"column":4},"end":{"line":498,"column":28}},{"start":{"line":499,"column":4},"end":{"line":500,"column":27}},{"start":{"line":501,"column":4},"end":{"line":502,"column":26}},{"start":{"line":503,"column":4},"end":{"line":504,"column":26}},{"start":{"line":505,"column":4},"end":{"line":506,"column":57}}],"line":496},"28":{"loc":{"start":{"line":517,"column":2},"end":{"line":519,"column":3}},"type":"if","locations":[{"start":{"line":517,"column":2},"end":{"line":519,"column":3}},{"start":{"line":517,"column":2},"end":{"line":519,"column":3}}],"line":517},"29":{"loc":{"start":{"line":520,"column":2},"end":{"line":522,"column":3}},"type":"if","locations":[{"start":{"line":520,"column":2},"end":{"line":522,"column":3}},{"start":{"line":520,"column":2},"end":{"line":522,"column":3}}],"line":520},"30":{"loc":{"start":{"line":523,"column":2},"end":{"line":525,"column":3}},"type":"if","locations":[{"start":{"line":523,"column":2},"end":{"line":525,"column":3}},{"start":{"line":523,"column":2},"end":{"line":525,"column":3}}],"line":523},"31":{"loc":{"start":{"line":526,"column":2},"end":{"line":528,"column":3}},"type":"if","locations":[{"start":{"line":526,"column":2},"end":{"line":528,"column":3}},{"start":{"line":526,"column":2},"end":{"line":528,"column":3}}],"line":526},"32":{"loc":{"start":{"line":529,"column":2},"end":{"line":531,"column":3}},"type":"if","locations":[{"start":{"line":529,"column":2},"end":{"line":531,"column":3}},{"start":{"line":529,"column":2},"end":{"line":531,"column":3}}],"line":529},"33":{"loc":{"start":{"line":532,"column":2},"end":{"line":534,"column":3}},"type":"if","locations":[{"start":{"line":532,"column":2},"end":{"line":534,"column":3}},{"start":{"line":532,"column":2},"end":{"line":534,"column":3}}],"line":532},"34":{"loc":{"start":{"line":535,"column":2},"end":{"line":537,"column":3}},"type":"if","locations":[{"start":{"line":535,"column":2},"end":{"line":537,"column":3}},{"start":{"line":535,"column":2},"end":{"line":537,"column":3}}],"line":535},"35":{"loc":{"start":{"line":538,"column":2},"end":{"line":540,"column":3}},"type":"if","locations":[{"start":{"line":538,"column":2},"end":{"line":540,"column":3}},{"start":{"line":538,"column":2},"end":{"line":540,"column":3}}],"line":538},"36":{"loc":{"start":{"line":541,"column":9},"end":{"line":541,"column":44}},"type":"cond-expr","locations":[{"start":{"line":541,"column":31},"end":{"line":541,"column":35}},{"start":{"line":541,"column":38},"end":{"line":541,"column":44}}],"line":541},"37":{"loc":{"start":{"line":548,"column":2},"end":{"line":552,"column":3}},"type":"if","locations":[{"start":{"line":548,"column":2},"end":{"line":552,"column":3}},{"start":{"line":548,"column":2},"end":{"line":552,"column":3}}],"line":548}},"s":{"0":1,"1":2,"2":1,"3":175,"4":1,"5":1,"6":1,"7":1,"8":1,"9":1,"10":58,"11":58,"12":58,"13":58,"14":58,"15":58,"16":58,"17":4,"18":1,"19":0,"20":1,"21":1,"22":1,"23":1,"24":1,"25":57,"26":57,"27":57,"28":1,"29":57,"30":57,"31":0,"32":1,"33":57,"34":57,"35":57,"36":57,"37":57,"38":57,"39":57,"40":57,"41":57,"42":57,"43":57,"44":57,"45":57,"46":57,"47":1,"48":112,"49":0,"50":112,"51":55,"52":57,"53":57,"54":57,"55":1,"56":57,"57":0,"58":57,"59":57,"60":57,"61":0,"62":1,"63":0,"64":1,"65":57,"66":0,"67":57,"68":57,"69":57,"70":57,"71":0,"72":0,"73":0,"74":1,"75":55,"76":1,"77":57,"78":57,"79":57,"80":57,"81":55,"82":57,"83":57,"84":1,"85":0,"86":1,"87":0,"88":0,"89":0,"90":0,"91":3,"92":3,"93":3,"94":3,"95":1,"96":1,"97":0,"98":0,"99":0,"100":1,"101":4,"102":1,"103":2,"104":1,"105":2,"106":1,"107":55,"108":0,"109":55,"110":55,"111":55,"112":55,"113":55,"114":1,"115":2,"116":0,"117":2,"118":2,"119":2,"120":2,"121":2,"122":1,"123":0,"124":0,"125":0,"126":0,"127":55,"128":55,"129":55,"130":55,"131":55,"132":55,"133":55,"134":55,"135":55,"136":1,"137":4,"138":1,"139":0,"140":1,"141":1,"142":1,"143":1,"144":1,"145":1,"146":55,"147":0,"148":55,"149":55,"150":55,"151":55,"152":55,"153":55,"154":55,"155":55,"156":55,"157":0,"158":1,"159":110,"160":1,"161":55,"162":55,"163":0,"164":0,"165":0,"166":0,"167":1,"168":55,"169":55,"170":55,"171":55,"172":0,"173":55,"174":0,"175":55,"176":0,"177":55,"178":0,"179":55,"180":0,"181":55,"182":0,"183":55,"184":0,"185":55,"186":1,"187":0,"188":0,"189":0,"190":1},"f":{"0":2,"1":1,"2":175,"3":1,"4":1,"5":58,"6":4,"7":0,"8":57,"9":57,"10":57,"11":112,"12":57,"13":0,"14":57,"15":55,"16":57,"17":0,"18":0,"19":3,"20":0,"21":4,"22":2,"23":2,"24":55,"25":2,"26":0,"27":55,"28":4,"29":0,"30":55,"31":110,"32":55,"33":55,"34":0},"b":{"0":[57,0],"1":[57,0],"2":[57,0],"3":[57,0],"4":[0,112],"5":[55,57],"6":[0,57],"7":[57,0],"8":[0,57],"9":[57,57],"10":[0,57],"11":[0,0],"12":[0,0],"13":[55,2],"14":[0,0],"15":[0,0],"16":[0,55],"17":[0,2],"18":[0,0],"19":[0,0],"20":[0,55],"21":[0,55],"22":[0,55],"23":[0,55],"24":[0,55],"25":[0,55],"26":[55,0],"27":[55,0,0,0,0],"28":[55,0],"29":[0,55],"30":[0,55],"31":[0,55],"32":[0,55],"33":[0,55],"34":[0,55],"35":[0,55],"36":[0,55],"37":[0,0]},"_coverageSchema":"d34fc3e6b8297bcde183f5492bcb8fcb36775295","hash":"3508b9aa6331b1b3e38614c841ad0ce25cbb78ca","contentHash":"e93bfb8825cb43b5917d74c39e285767_12.0.2"},"C:\\Users\\kslhunter\\AppData\\Local\\JetBrains\\Toolbox\\apps\\WebStorm\\ch-0\\181.5281.31\\plugins\\NodeJS\\js\\mocha-intellij\\lib\\mochaIntellijUtil.js":{"path":"C:\\Users\\kslhunter\\AppData\\Local\\JetBrains\\Toolbox\\apps\\WebStorm\\ch-0\\181.5281.31\\plugins\\NodeJS\\js\\mocha-intellij\\lib\\mochaIntellijUtil.js","statementMap":{"0":{"start":{"line":1,"column":9},"end":{"line":1,"column":22}},"1":{"start":{"line":2,"column":11},"end":{"line":2,"column":26}},"2":{"start":{"line":3,"column":25},"end":{"line":3,"column":66}},"3":{"start":{"line":4,"column":25},"end":{"line":4,"column":66}},"4":{"start":{"line":5,"column":12},"end":{"line":5,"column":19}},"5":{"start":{"line":7,"column":24},"end":{"line":36,"column":3}},"6":{"start":{"line":8,"column":12},"end":{"line":8,"column":14}},"7":{"start":{"line":11,"column":4},"end":{"line":13,"column":5}},"8":{"start":{"line":12,"column":6},"end":{"line":12,"column":47}},"9":{"start":{"line":14,"column":23},"end":{"line":14,"column":45}},"10":{"start":{"line":15,"column":4},"end":{"line":20,"column":5}},"11":{"start":{"line":16,"column":6},"end":{"line":16,"column":33}},"12":{"start":{"line":19,"column":6},"end":{"line":19,"column":33}},"13":{"start":{"line":23,"column":2},"end":{"line":23,"column":24}},"14":{"start":{"line":24,"column":2},"end":{"line":24,"column":24}},"15":{"start":{"line":25,"column":2},"end":{"line":25,"column":28}},"16":{"start":{"line":26,"column":2},"end":{"line":26,"column":28}},"17":{"start":{"line":27,"column":2},"end":{"line":27,"column":28}},"18":{"start":{"line":28,"column":2},"end":{"line":28,"column":23}},"19":{"start":{"line":29,"column":2},"end":{"line":29,"column":25}},"20":{"start":{"line":30,"column":2},"end":{"line":30,"column":23}},"21":{"start":{"line":31,"column":2},"end":{"line":31,"column":23}},"22":{"start":{"line":33,"column":2},"end":{"line":35,"column":4}},"23":{"start":{"line":34,"column":4},"end":{"line":34,"column":25}},"24":{"start":{"line":39,"column":12},"end":{"line":39,"column":22}},"25":{"start":{"line":40,"column":2},"end":{"line":44,"column":3}},"26":{"start":{"line":41,"column":4},"end":{"line":43,"column":5}},"27":{"start":{"line":42,"column":6},"end":{"line":42,"column":18}},"28":{"start":{"line":45,"column":2},"end":{"line":45,"column":15}},"29":{"start":{"line":49,"column":2},"end":{"line":51,"column":3}},"30":{"start":{"line":50,"column":4},"end":{"line":50,"column":15}},"31":{"start":{"line":52,"column":12},"end":{"line":52,"column":14}},"32":{"start":{"line":53,"column":12},"end":{"line":53,"column":22}},"33":{"start":{"line":54,"column":2},"end":{"line":63,"column":3}},"34":{"start":{"line":55,"column":18},"end":{"line":55,"column":53}},"35":{"start":{"line":56,"column":4},"end":{"line":62,"column":5}},"36":{"start":{"line":57,"column":6},"end":{"line":57,"column":17}},"37":{"start":{"line":58,"column":6},"end":{"line":58,"column":21}},"38":{"start":{"line":61,"column":6},"end":{"line":61,"column":27}},"39":{"start":{"line":64,"column":2},"end":{"line":64,"column":13}},"40":{"start":{"line":75,"column":2},"end":{"line":77,"column":3}},"41":{"start":{"line":76,"column":4},"end":{"line":76,"column":14}},"42":{"start":{"line":78,"column":2},"end":{"line":80,"column":3}},"43":{"start":{"line":79,"column":4},"end":{"line":79,"column":97}},"44":{"start":{"line":81,"column":21},"end":{"line":81,"column":26}},"45":{"start":{"line":82,"column":19},"end":{"line":82,"column":23}},"46":{"start":{"line":83,"column":23},"end":{"line":83,"column":47}},"47":{"start":{"line":84,"column":26},"end":{"line":84,"column":53}},"48":{"start":{"line":85,"column":15},"end":{"line":85,"column":17}},"49":{"start":{"line":90,"column":2},"end":{"line":105,"column":3}},"50":{"start":{"line":91,"column":4},"end":{"line":93,"column":5}},"51":{"start":{"line":92,"column":6},"end":{"line":92,"column":30}},"52":{"start":{"line":94,"column":4},"end":{"line":94,"column":24}},"53":{"start":{"line":95,"column":4},"end":{"line":95,"column":24}},"54":{"start":{"line":96,"column":4},"end":{"line":96,"column":29}},"55":{"start":{"line":97,"column":4},"end":{"line":104,"column":5}},"56":{"start":{"line":98,"column":6},"end":{"line":98,"column":26}},"57":{"start":{"line":99,"column":6},"end":{"line":99,"column":34}},"58":{"start":{"line":100,"column":6},"end":{"line":102,"column":7}},"59":{"start":{"line":101,"column":8},"end":{"line":101,"column":29}},"60":{"start":{"line":103,"column":6},"end":{"line":103,"column":19}},"61":{"start":{"line":106,"column":2},"end":{"line":106,"column":16}},"62":{"start":{"line":109,"column":15},"end":{"line":109,"column":26}},"63":{"start":{"line":116,"column":2},"end":{"line":116,"column":80}},"64":{"start":{"line":124,"column":2},"end":{"line":124,"column":35}},"65":{"start":{"line":128,"column":2},"end":{"line":136,"column":4}},"66":{"start":{"line":129,"column":4},"end":{"line":135,"column":5}},"67":{"start":{"line":130,"column":6},"end":{"line":130,"column":39}},"68":{"start":{"line":132,"column":22},"end":{"line":132,"column":38}},"69":{"start":{"line":133,"column":20},"end":{"line":133,"column":34}},"70":{"start":{"line":134,"column":6},"end":{"line":134,"column":73}},"71":{"start":{"line":140,"column":14},"end":{"line":140,"column":55}},"72":{"start":{"line":141,"column":2},"end":{"line":151,"column":3}},"73":{"start":{"line":142,"column":4},"end":{"line":142,"column":28}},"74":{"start":{"line":145,"column":4},"end":{"line":150,"column":5}},"75":{"start":{"line":146,"column":6},"end":{"line":146,"column":30}},"76":{"start":{"line":155,"column":2},"end":{"line":155,"column":26}},"77":{"start":{"line":159,"column":2},"end":{"line":159,"column":26}},"78":{"start":{"line":170,"column":17},"end":{"line":170,"column":32}},"79":{"start":{"line":171,"column":23},"end":{"line":171,"column":51}},"80":{"start":{"line":172,"column":2},"end":{"line":175,"column":3}},"81":{"start":{"line":173,"column":4},"end":{"line":174,"column":57}},"82":{"start":{"line":176,"column":2},"end":{"line":178,"column":3}},"83":{"start":{"line":177,"column":4},"end":{"line":177,"column":77}},"84":{"start":{"line":179,"column":2},"end":{"line":189,"column":3}},"85":{"start":{"line":180,"column":4},"end":{"line":180,"column":77}},"86":{"start":{"line":183,"column":26},"end":{"line":183,"column":61}},"87":{"start":{"line":184,"column":4},"end":{"line":187,"column":5}},"88":{"start":{"line":185,"column":6},"end":{"line":186,"column":65}},"89":{"start":{"line":188,"column":4},"end":{"line":188,"column":78}},"90":{"start":{"line":193,"column":24},"end":{"line":193,"column":68}},"91":{"start":{"line":194,"column":2},"end":{"line":196,"column":3}},"92":{"start":{"line":195,"column":4},"end":{"line":195,"column":27}},"93":{"start":{"line":197,"column":12},"end":{"line":197,"column":22}},"94":{"start":{"line":198,"column":2},"end":{"line":208,"column":3}},"95":{"start":{"line":199,"column":4},"end":{"line":199,"column":44}},"96":{"start":{"line":200,"column":4},"end":{"line":202,"column":5}},"97":{"start":{"line":201,"column":6},"end":{"line":201,"column":29}},"98":{"start":{"line":203,"column":17},"end":{"line":203,"column":40}},"99":{"start":{"line":204,"column":4},"end":{"line":206,"column":5}},"100":{"start":{"line":205,"column":6},"end":{"line":205,"column":18}},"101":{"start":{"line":207,"column":4},"end":{"line":207,"column":17}},"102":{"start":{"line":209,"column":2},"end":{"line":209,"column":14}},"103":{"start":{"line":213,"column":2},"end":{"line":219,"column":3}},"104":{"start":{"line":214,"column":15},"end":{"line":214,"column":31}},"105":{"start":{"line":215,"column":4},"end":{"line":215,"column":46}},"106":{"start":{"line":218,"column":4},"end":{"line":218,"column":17}},"107":{"start":{"line":228,"column":12},"end":{"line":228,"column":34}},"108":{"start":{"line":229,"column":2},"end":{"line":242,"column":3}},"109":{"start":{"line":230,"column":4},"end":{"line":232,"column":5}},"110":{"start":{"line":231,"column":6},"end":{"line":231,"column":18}},"111":{"start":{"line":233,"column":22},"end":{"line":233,"column":52}},"112":{"start":{"line":234,"column":4},"end":{"line":236,"column":5}},"113":{"start":{"line":235,"column":6},"end":{"line":235,"column":17}},"114":{"start":{"line":237,"column":17},"end":{"line":237,"column":40}},"115":{"start":{"line":238,"column":4},"end":{"line":240,"column":5}},"116":{"start":{"line":239,"column":6},"end":{"line":239,"column":18}},"117":{"start":{"line":241,"column":4},"end":{"line":241,"column":17}},"118":{"start":{"line":243,"column":2},"end":{"line":243,"column":14}},"119":{"start":{"line":254,"column":27},"end":{"line":254,"column":52}},"120":{"start":{"line":255,"column":2},"end":{"line":263,"column":3}},"121":{"start":{"line":256,"column":17},"end":{"line":256,"column":53}},"122":{"start":{"line":257,"column":4},"end":{"line":259,"column":5}},"123":{"start":{"line":258,"column":6},"end":{"line":258,"column":18}},"124":{"start":{"line":260,"column":4},"end":{"line":260,"column":102}},"125":{"start":{"line":262,"column":4},"end":{"line":262,"column":97}},"126":{"start":{"line":266,"column":0},"end":{"line":266,"column":52}},"127":{"start":{"line":267,"column":0},"end":{"line":267,"column":28}},"128":{"start":{"line":268,"column":0},"end":{"line":268,"column":28}},"129":{"start":{"line":269,"column":0},"end":{"line":269,"column":46}},"130":{"start":{"line":270,"column":0},"end":{"line":270,"column":24}},"131":{"start":{"line":271,"column":0},"end":{"line":271,"column":38}},"132":{"start":{"line":272,"column":0},"end":{"line":272,"column":38}},"133":{"start":{"line":273,"column":0},"end":{"line":273,"column":48}},"134":{"start":{"line":274,"column":0},"end":{"line":274,"column":50}}},"fnMap":{"0":{"name":"(anonymous_0)","decl":{"start":{"line":7,"column":24},"end":{"line":7,"column":25}},"loc":{"start":{"line":7,"column":36},"end":{"line":36,"column":1}},"line":7},"1":{"name":"addMapping","decl":{"start":{"line":10,"column":11},"end":{"line":10,"column":21}},"loc":{"start":{"line":10,"column":40},"end":{"line":21,"column":3}},"line":10},"2":{"name":"(anonymous_2)","decl":{"start":{"line":33,"column":9},"end":{"line":33,"column":10}},"loc":{"start":{"line":33,"column":29},"end":{"line":35,"column":3}},"line":33},"3":{"name":"isAttributeValueEscapingNeeded","decl":{"start":{"line":38,"column":9},"end":{"line":38,"column":39}},"loc":{"start":{"line":38,"column":45},"end":{"line":46,"column":1}},"line":38},"4":{"name":"escapeAttributeValue","decl":{"start":{"line":48,"column":9},"end":{"line":48,"column":29}},"loc":{"start":{"line":48,"column":35},"end":{"line":65,"column":1}},"line":48},"5":{"name":"joinList","decl":{"start":{"line":74,"column":9},"end":{"line":74,"column":17}},"loc":{"start":{"line":74,"column":67},"end":{"line":107,"column":1}},"line":74},"6":{"name":"isString","decl":{"start":{"line":115,"column":9},"end":{"line":115,"column":17}},"loc":{"start":{"line":115,"column":25},"end":{"line":117,"column":1}},"line":115},"7":{"name":"isStringPrimitive","decl":{"start":{"line":123,"column":9},"end":{"line":123,"column":26}},"loc":{"start":{"line":123,"column":34},"end":{"line":125,"column":1}},"line":123},"8":{"name":"safeFn","decl":{"start":{"line":127,"column":9},"end":{"line":127,"column":15}},"loc":{"start":{"line":127,"column":20},"end":{"line":137,"column":1}},"line":127},"9":{"name":"(anonymous_9)","decl":{"start":{"line":128,"column":9},"end":{"line":128,"column":10}},"loc":{"start":{"line":128,"column":21},"end":{"line":136,"column":3}},"line":128},"10":{"name":"warn","decl":{"start":{"line":139,"column":9},"end":{"line":139,"column":13}},"loc":{"start":{"line":139,"column":23},"end":{"line":152,"column":1}},"line":139},"11":{"name":"writeToStdout","decl":{"start":{"line":154,"column":9},"end":{"line":154,"column":22}},"loc":{"start":{"line":154,"column":28},"end":{"line":156,"column":1}},"line":154},"12":{"name":"writeToStderr","decl":{"start":{"line":158,"column":9},"end":{"line":158,"column":22}},"loc":{"start":{"line":158,"column":28},"end":{"line":160,"column":1}},"line":158},"13":{"name":"requireMochaModule","decl":{"start":{"line":169,"column":9},"end":{"line":169,"column":27}},"loc":{"start":{"line":169,"column":59},"end":{"line":190,"column":1}},"line":169},"14":{"name":"findMochaDependency","decl":{"start":{"line":192,"column":9},"end":{"line":192,"column":28}},"loc":{"start":{"line":192,"column":41},"end":{"line":210,"column":1}},"line":192},"15":{"name":"directoryExistsSync","decl":{"start":{"line":212,"column":9},"end":{"line":212,"column":28}},"loc":{"start":{"line":212,"column":34},"end":{"line":220,"column":1}},"line":212},"16":{"name":"findPackageRootDir","decl":{"start":{"line":227,"column":9},"end":{"line":227,"column":27}},"loc":{"start":{"line":227,"column":38},"end":{"line":244,"column":1}},"line":227},"17":{"name":"requireBaseReporter","decl":{"start":{"line":253,"column":9},"end":{"line":253,"column":28}},"loc":{"start":{"line":253,"column":31},"end":{"line":264,"column":1}},"line":253}},"branchMap":{"0":{"loc":{"start":{"line":11,"column":4},"end":{"line":13,"column":5}},"type":"if","locations":[{"start":{"line":11,"column":4},"end":{"line":13,"column":5}},{"start":{"line":11,"column":4},"end":{"line":13,"column":5}}],"line":11},"1":{"loc":{"start":{"line":11,"column":8},"end":{"line":11,"column":52}},"type":"binary-expr","locations":[{"start":{"line":11,"column":8},"end":{"line":11,"column":29}},{"start":{"line":11,"column":33},"end":{"line":11,"column":52}}],"line":11},"2":{"loc":{"start":{"line":15,"column":4},"end":{"line":20,"column":5}},"type":"if","locations":[{"start":{"line":15,"column":4},"end":{"line":20,"column":5}},{"start":{"line":15,"column":4},"end":{"line":20,"column":5}}],"line":15},"3":{"loc":{"start":{"line":41,"column":4},"end":{"line":43,"column":5}},"type":"if","locations":[{"start":{"line":41,"column":4},"end":{"line":43,"column":5}},{"start":{"line":41,"column":4},"end":{"line":43,"column":5}}],"line":41},"4":{"loc":{"start":{"line":49,"column":2},"end":{"line":51,"column":3}},"type":"if","locations":[{"start":{"line":49,"column":2},"end":{"line":51,"column":3}},{"start":{"line":49,"column":2},"end":{"line":51,"column":3}}],"line":49},"5":{"loc":{"start":{"line":56,"column":4},"end":{"line":62,"column":5}},"type":"if","locations":[{"start":{"line":56,"column":4},"end":{"line":62,"column":5}},{"start":{"line":56,"column":4},"end":{"line":62,"column":5}}],"line":56},"6":{"loc":{"start":{"line":75,"column":2},"end":{"line":77,"column":3}},"type":"if","locations":[{"start":{"line":75,"column":2},"end":{"line":77,"column":3}},{"start":{"line":75,"column":2},"end":{"line":77,"column":3}}],"line":75},"7":{"loc":{"start":{"line":78,"column":2},"end":{"line":80,"column":3}},"type":"if","locations":[{"start":{"line":78,"column":2},"end":{"line":80,"column":3}},{"start":{"line":78,"column":2},"end":{"line":80,"column":3}}],"line":78},"8":{"loc":{"start":{"line":91,"column":4},"end":{"line":93,"column":5}},"type":"if","locations":[{"start":{"line":91,"column":4},"end":{"line":93,"column":5}},{"start":{"line":91,"column":4},"end":{"line":93,"column":5}}],"line":91},"9":{"loc":{"start":{"line":100,"column":6},"end":{"line":102,"column":7}},"type":"if","locations":[{"start":{"line":100,"column":6},"end":{"line":102,"column":7}},{"start":{"line":100,"column":6},"end":{"line":102,"column":7}}],"line":100},"10":{"loc":{"start":{"line":100,"column":10},"end":{"line":100,"column":67}},"type":"binary-expr","locations":[{"start":{"line":100,"column":10},"end":{"line":100,"column":38}},{"start":{"line":100,"column":42},"end":{"line":100,"column":67}}],"line":100},"11":{"loc":{"start":{"line":116,"column":9},"end":{"line":116,"column":79}},"type":"binary-expr","locations":[{"start":{"line":116,"column":9},"end":{"line":116,"column":33}},{"start":{"line":116,"column":37},"end":{"line":116,"column":79}}],"line":116},"12":{"loc":{"start":{"line":132,"column":22},"end":{"line":132,"column":38}},"type":"binary-expr","locations":[{"start":{"line":132,"column":22},"end":{"line":132,"column":32}},{"start":{"line":132,"column":36},"end":{"line":132,"column":38}}],"line":132},"13":{"loc":{"start":{"line":133,"column":20},"end":{"line":133,"column":34}},"type":"binary-expr","locations":[{"start":{"line":133,"column":20},"end":{"line":133,"column":28}},{"start":{"line":133,"column":32},"end":{"line":133,"column":34}}],"line":133},"14":{"loc":{"start":{"line":134,"column":11},"end":{"line":134,"column":71}},"type":"cond-expr","locations":[{"start":{"line":134,"column":41},"end":{"line":134,"column":46}},{"start":{"line":134,"column":49},"end":{"line":134,"column":71}}],"line":134},"15":{"loc":{"start":{"line":172,"column":2},"end":{"line":175,"column":3}},"type":"if","locations":[{"start":{"line":172,"column":2},"end":{"line":175,"column":3}},{"start":{"line":172,"column":2},"end":{"line":175,"column":3}}],"line":172},"16":{"loc":{"start":{"line":176,"column":2},"end":{"line":178,"column":3}},"type":"if","locations":[{"start":{"line":176,"column":2},"end":{"line":178,"column":3}},{"start":{"line":176,"column":2},"end":{"line":178,"column":3}}],"line":176},"17":{"loc":{"start":{"line":184,"column":4},"end":{"line":187,"column":5}},"type":"if","locations":[{"start":{"line":184,"column":4},"end":{"line":187,"column":5}},{"start":{"line":184,"column":4},"end":{"line":187,"column":5}}],"line":184},"18":{"loc":{"start":{"line":194,"column":2},"end":{"line":196,"column":3}},"type":"if","locations":[{"start":{"line":194,"column":2},"end":{"line":196,"column":3}},{"start":{"line":194,"column":2},"end":{"line":196,"column":3}}],"l
[...]
"column":81},"end":{"line":5,"column":150}},"8":{"start":{"line":6,"column":4},"end":{"line":6,"column":66}},"9":{"start":{"line":8,"column":17},"end":{"line":10,"column":1}},"10":{"start":{"line":9,"column":4},"end":{"line":9,"column":109}},"11":{"start":{"line":9,"column":79},"end":{"line":9,"column":109}},"12":{"start":{"line":11,"column":0},"end":{"line":11,"column":62}},"13":{"start":{"line":12,"column":12},"end":{"line":12,"column":32}},"14":{"start":{"line":13,"column":16},"end":{"line":13,"column":36}},"15":{"start":{"line":14,"column":16},"end":{"line":45,"column":3}},"16":{"start":{"line":17,"column":4},"end":{"line":20,"column":41}},"17":{"start":{"line":21,"column":4},"end":{"line":24,"column":48}},"18":{"start":{"line":25,"column":4},"end":{"line":28,"column":43}},"19":{"start":{"line":29,"column":4},"end":{"line":32,"column":56}},"20":{"start":{"line":33,"column":4},"end":{"line":36,"column":49}},"21":{"start":{"line":37,"column":4},"end":{"line":40,"column":46}},"22":{"start":{"line":38,"column":52},"end":{"line":38,"column":77}},"23":{"start":{"line":41,"column":4},"end":{"line":43,"column":17}},"24":{"start":{"line":44,"column":4},"end":{"line":44,"column":20}},"25":{"start":{"line":46,"column":0},"end":{"line":46,"column":28}}},"fnMap":{"0":{"name":"(anonymous_0)","decl":{"start":{"line":2,"column":46},"end":{"line":2,"column":47}},"loc":{"start":{"line":2,"column":87},"end":{"line":7,"column":1}},"line":2},"1":{"name":"(anonymous_1)","decl":{"start":{"line":8,"column":46},"end":{"line":8,"column":47}},"loc":{"start":{"line":8,"column":62},"end":{"line":10,"column":1}},"line":8},"2":{"name":"(anonymous_2)","decl":{"start":{"line":14,"column":16},"end":{"line":14,"column":17}},"loc":{"start":{"line":14,"column":28},"end":{"line":45,"column":1}},"line":14},"3":{"name":"Employee","decl":{"start":{"line":15,"column":13},"end":{"line":15,"column":21}},"loc":{"start":{"line":15,"column":24},"end":{"line":16,"column":5}},"line":15},"4":{"name":"(anonymous_4)","decl":{"start":{"line":38,"column":38},"end":{"line":38,"column":39}},"loc":{"start":{"line":38,"column":50},"end":{"line":38,"column":79}},"line":38}},"branchMap":{"0":{"loc":{"start":{"line":2,"column":17},"end":{"line":7,"column":1}},"type":"binary-expr","locations":[{"start":{"line":2,"column":18},"end":{"line":2,"column":22}},{"start":{"line":2,"column":26},"end":{"line":2,"column":41}},{"start":{"line":2,"column":46},"end":{"line":7,"column":1}}],"line":2},"1":{"loc":{"start":{"line":3,"column":34},"end":{"line":3,"column":125}},"type":"cond-expr","locations":[{"start":{"line":3,"column":42},"end":{"line":3,"column":48}},{"start":{"line":3,"column":51},"end":{"line":3,"column":125}}],"line":3},"2":{"loc":{"start":{"line":3,"column":51},"end":{"line":3,"column":125}},"type":"cond-expr","locations":[{"start":{"line":3,"column":67},"end":{"line":3,"column":118}},{"start":{"line":3,"column":121},"end":{"line":3,"column":125}}],"line":3},"3":{"loc":{"start":{"line":4,"column":4},"end":{"line":5,"column":150}},"type":"if","locations":[{"start":{"line":4,"column":4},"end":{"line":5,"column":150}},{"start":{"line":4,"column":4},"end":{"line":5,"column":150}}],"line":4},"4":{"loc":{"start":{"line":4,"column":8},"end":{"line":4,"column":77}},"type":"binary-expr","locations":[{"start":{"line":4,"column":8},"end":{"line":4,"column":35}},{"start":{"line":4,"column":39},"end":{"line":4,"column":77}}],"line":4},"5":{"loc":{"start":{"line":5,"column":58},"end":{"line":5,"column":150}},"type":"if","locations":[{"start":{"line":5,"column":58},"end":{"line":5,"column":150}},{"start":{"line":5,"column":58},"end":{"line":5,"column":150}}],"line":5},"6":{"loc":{"start":{"line":5,"column":85},"end":{"line":5,"column":149}},"type":"binary-expr","locations":[{"start":{"line":5,"column":86},"end":{"line":5,"column":143}},{"start":{"line":5,"column":148},"end":{"line":5,"column":149}}],"line":5},"7":{"loc":{"start":{"line":5,"column":86},"end":{"line":5,"column":143}},"type":"cond-expr","locations":[{"start":{"line":5,"column":94},"end":{"line":5,"column":98}},{"start":{"line":5,"column":101},"end":{"line":5,"column":143}}],"line":5},"8":{"loc":{"start":{"line":5,"column":101},"end":{"line":5,"column":143}},"type":"cond-expr","locations":[{"start":{"line":5,"column":109},"end":{"line":5,"column":126}},{"start":{"line":5,"column":129},"end":{"line":5,"column":143}}],"line":5},"9":{"loc":{"start":{"line":6,"column":11},"end":{"line":6,"column":62}},"type":"binary-expr","locations":[{"start":{"line":6,"column":11},"end":{"line":6,"column":16}},{"start":{"line":6,"column":20},"end":{"line":6,"column":21}},{"start":{"line":6,"column":25},"end":{"line":6,"column":62}}],"line":6},"10":{"loc":{"start":{"line":8,"column":17},"end":{"line":10,"column":1}},"type":"binary-expr","locations":[{"start":{"line":8,"column":18},"end":{"line":8,"column":22}},{"start":{"line":8,"column":26},"end":{"line":8,"column":41}},{"start":{"line":8,"column":46},"end":{"line":10,"column":1}}],"line":8},"11":{"loc":{"start":{"line":9,"column":4},"end":{"line":9,"column":109}},"type":"if","locations":[{"start":{"line":9,"column":4},"end":{"line":9,"column":109}},{"start":{"line":9,"column":4},"end":{"line":9,"column":109}}],"line":9},"12":{"loc":{"start":{"line":9,"column":8},"end":{"line":9,"column":77}},"type":"binary-expr","locations":[{"start":{"line":9,"column":8},"end":{"line":9,"column":35}},{"start":{"line":9,"column":39},"end":{"line":9,"column":77}}],"line":9}},"s":{"0":1,"1":7,"2":7,"3":7,"4":0,"5":7,"6":13,"7":13,"8":7,"9":1,"10":6,"11":6,"12":1,"13":1,"14":1,"15":1,"16":1,"17":1,"18":1,"19":1,"20":1,"21":1,"22":0,"23":1,"24":1,"25":1},"f":{"0":7,"1":6,"2":1,"3":0,"4":0},"b":{"0":[1,1,1],"1":[1,6],"2":[0,6],"3":[0,7],"4":[7,7],"5":[13,0],"6":[13,13],"7":[1,12],"8":[12,0],"9":[7,6,0],"10":[1,1,1],"11":[6,0],"12":[6,6]},"_coverageSchema":"d34fc3e6b8297bcde183f5492bcb8fcb36775295","hash":"0c32c741defc3c77cdaba30cf0f34a1e53a6aae7","contentHash":"07ed852c28dfa61b4188ce00a4e90f44_12.0.2"},"D:\\workspaces\\simplism8\\packages\\orm-core\\src\\index.ts":{"path":"D:\\workspaces\\simplism8\\packages\\orm-core\\src\\index.ts","statementMap":{"0":{"start":{"line":3,"column":4},"end":{"line":3,"column":71}},"1":{"start":{"line":3,"column":21},"end":{"line":3,"column":71}},"2":{"start":{"line":3,"column":53},"end":{"line":3,"column":71}},"3":{"start":{"line":5,"column":0},"end":{"line":5,"column":62}},"4":{"start":{"line":6,"column":0},"end":{"line":6,"column":34}},"5":{"start":{"line":7,"column":0},"end":{"line":7,"column":36}},"6":{"start":{"line":8,"column":0},"end":{"line":8,"column":39}},"7":{"start":{"line":9,"column":0},"end":{"line":9,"column":33}},"8":{"start":{"line":10,"column":0},"end":{"line":10,"column":28}},"9":{"start":{"line":11,"column":0},"end":{"line":11,"column":29}}},"fnMap":{"0":{"name":"__export","decl":{"start":{"line":2,"column":9},"end":{"line":2,"column":17}},"loc":{"start":{"line":2,"column":21},"end":{"line":4,"column":1}},"line":2}},"branchMap":{"0":{"loc":{"start":{"line":3,"column":21},"end":{"line":3,"column":71}},"type":"if","locations":[{"start":{"line":3,"column":21},"end":{"line":3,"column":71}},{"start":{"line":3,"column":21},"end":{"line":3,"column":71}}],"line":3}},"s":{"0":6,"1":10,"2":10,"3":1,"4":1,"5":1,"6":1,"7":1,"8":1,"9":1},"f":{"0":6},"b":{"0":[10,0]},"_coverageSchema":"d34fc3e6b8297bcde183f5492bcb8fcb36775295","hash":"85f67c99eaa220d6bc175a686a64b948256b8087","contentHash":"cb931f3df1a90a17a0199895b2bf69f3_12.0.2"},"D:\\workspaces\\simplism8\\packages\\orm-core\\src\\sorm.ts":{"path":"D:\\workspaces\\simplism8\\packages\\orm-core\\src\\sorm.ts","statementMap":{"0":{"start":{"line":2,"column":0},"end":{"line":2,"column":62}},"1":{"start":{"line":3,"column":18},"end":{"line":3,"column":40}},"2":{"start":{"line":4,"column":14},"end":{"line":4,"column":32}},"3":{"start":{"line":5,"column":21},"end":{"line":5,"column":46}},"4":{"start":{"line":6,"column":0},"end":{"line":21,"column":2}},"5":{"start":{"line":8,"column":8},"end":{"line":8,"column":176}},"6":{"start":{"line":11,"column":8},"end":{"line":11,"column":178}},"7":{"start":{"line":11,"column":97},"end":{"line":11,"column":152}},"8":{"start":{"line":14,"column":8},"end":{"line":19,"column":9}},"9":{"start":{"line":15,"column":12},"end":{"line":15,"column":128}},"10":{"start":{"line":18,"column":12},"end":{"line":18,"column":65}}},"fnMap":{"0":{"name":"(anonymous_0)","decl":{"start":{"line":7,"column":11},"end":{"line":7,"column":12}},"loc":{"start":{"line":7,"column":37},"end":{"line":9,"column":5}},"line":7},"1":{"name":"(anonymous_1)","decl":{"start":{"line":10,"column":8},"end":{"line":10,"column":9}},"loc":{"start":{"line":10,"column":23},"end":{"line":12,"column":5}},"line":10},"2":{"name":"(anonymous_2)","decl":{"start":{"line":11,"column":79},"end":{"line":11,"column":80}},"loc":{"start":{"line":11,"column":95},"end":{"line":11,"column":154}},"line":11},"3":{"name":"(anonymous_3)","decl":{"start":{"line":13,"column":11},"end":{"line":13,"column":12}},"loc":{"start":{"line":13,"column":26},"end":{"line":20,"column":5}},"line":13}},"branchMap":{"0":{"loc":{"start":{"line":14,"column":8},"end":{"line":19,"column":9}},"type":"if","locations":[{"start":{"line":14,"column":8},"end":{"line":19,"column":9}},{"start":{"line":14,"column":8},"end":{"line":19,"column":9}}],"line":14}},"s":{"0":1,"1":1,"2":1,"3":1,"4":1,"5":22,"6":1,"7":2,"8":1,"9":0,"10":1},"f":{"0":22,"1":1,"2":2,"3":1},"b":{"0":[0,1]},"_coverageSchema":"d34fc3e6b8297bcde183f5492bcb8fcb36775295","hash":"b5afa8c3af85a1dec22378052fe569f6f19cf864","contentHash":"6bcbc7ea45100c01a3551352b792a2e6_12.0.2"},"D:\\workspaces\\simplism8\\packages\\orm-core\\src\\types.ts":{"path":"D:\\workspaces\\simplism8\\packages\\orm-core\\src\\types.ts","statementMap":{"0":{"start":{"line":2,"column":16},"end":{"line":11,"column":4}},"1":{"start":{"line":3,"column":24},"end":{"line":5,"column":82}},"2":{"start":{"line":4,"column":65},"end":{"line":4,"column":81}},"3":{"start":{"line":5,"column":26},"end":{"line":5,"column":80}},"4":{"start":{"line":5,"column":43},"end":{"line":5,"column":80}},"5":{"start":{"line":5,"column":68},"end":{"line":5,"column":80}},"6":{"start":{"line":6,"column":4},"end":{"line":10,"column":6}},"7":{"start":{"line":7,"column":8},"end":{"line":7,"column":28}},"8":{"start":{"line":8,"column":24},"end":{"line":8,"column":45}},"9":{"start":{"line":9,"column":8},"end":{"line":9,"column":93}},"10":{"start":{"line":12,"column":0},"end":{"line":12,"column":62}},"11":{"start":{"line":13,"column":22},"end":{"line":19,"column":10}},"12":{"start":{"line":14,"column":4},"end":{"line":14,"column":38}},"13":{"start":{"line":16,"column":8},"end":{"line":16,"column":72}},"14":{"start":{"line":18,"column":4},"end":{"line":18,"column":26}},"15":{"start":{"line":20,"column":0},"end":{"line":20,"column":40}}},"fnMap":{"0":{"name":"(anonymous_0)","decl":{"start":{"line":2,"column":45},"end":{"line":2,"column":46}},"loc":{"start":{"line":2,"column":57},"end":{"line":11,"column":1}},"line":2},"1":{"name":"(anonymous_1)","decl":{"start":{"line":4,"column":47},"end":{"line":4,"column":48}},"loc":{"start":{"line":4,"column":63},"end":{"line":4,"column":83}},"line":4},"2":{"name":"(anonymous_2)","decl":{"start":{"line":5,"column":8},"end":{"line":5,"column":9}},"loc":{"start":{"line":5,"column":24},"end":{"line":5,"column":82}},"line":5},"3":{"name":"(anonymous_3)","decl":{"start":{"line":6,"column":11},"end":{"line":6,"column":12}},"loc":{"start":{"line":6,"column":27},"end":{"line":10,"column":5}},"line":6},"4":{"name":"__","decl":{"start":{"line":8,"column":17},"end":{"line":8,"column":19}},"loc":{"start":{"line":8,"column":22},"end":{"line":8,"column":47}},"line":8},"5":{"name":"(anonymous_5)","decl":{"start":{"line":13,"column":22},"end":{"line":13,"column":23}},"loc":{"start":{"line":13,"column":40},"end":{"line":19,"column":1}},"line":13},"6":{"name":"QueriedBoolean","decl":{"start":{"line":15,"column":13},"end":{"line":15,"column":27}},"loc":{"start":{"line":15,"column":30},"end":{"line":17,"column":5}},"line":15}},"branchMap":{"0":{"loc":{"start":{"line":2,"column":16},"end":{"line":11,"column":4}},"type":"binary-expr","locations":[{"start":{"line":2,"column":17},"end":{"line":2,"column":21}},{"start":{"line":2,"column":25},"end":{"line":2,"column":39}},{"start":{"line":2,"column":44},"end":{"line":11,"column":4}}],"line":2},"1":{"loc":{"start":{"line":3,"column":24},"end":{"line":5,"column":82}},"type":"binary-expr","locations":[{"start":{"line":3,"column":24},"end":{"line":3,"column":45}},{"start":{"line":4,"column":9},"end":{"line":4,"column":43}},{"start":{"line":4,"column":47},"end":{"line":4,"column":83}},{"start":{"line":5,"column":8},"end":{"line":5,"column":82}}],"line":3},"2":{"loc":{"start":{"line":5,"column":43},"end":{"line":5,"column":80}},"type":"if","locations":[{"start":{"line":5,"column":43},"end":{"line":5,"column":80}},{"start":{"line":5,"column":43},"end":{"line":5,"column":80}}],"line":5},"3":{"loc":{"start":{"line":9,"column":22},"end":{"line":9,"column":92}},"type":"cond-expr","locations":[{"start":{"line":9,"column":35},"end":{"line":9,"column":51}},{"start":{"line":9,"column":55},"end":{"line":9,"column":91}}],"line":9},"4":{"loc":{"start":{"line":16,"column":15},"end":{"line":16,"column":71}},"type":"binary-expr","locations":[{"start":{"line":16,"column":15},"end":{"line":16,"column":30}},{"start":{"line":16,"column":34},"end":{"line":16,"column":63}},{"start":{"line":16,"column":67},"end":{"line":16,"column":71}}],"line":16}},"s":{"0":1,"1":1,"2":0,"3":0,"4":0,"5":0,"6":1,"7":1,"8":1,"9":1,"10":1,"11":1,"12":1,"13":0,"14":1,"15":1},"f":{"0":1,"1":0,"2":0,"3":1,"4":1,"5":1,"6":0},"b":{"0":[1,1,1],"1":[1,0,0,0],"2":[0,0],"3":[0,1],"4":[0,0,0]},"_coverageSchema":"d34fc3e6b8297bcde183f5492bcb8fcb36775295","hash":"5d6b0755b4a6bc5ab6559de084602c462ad02a23","contentHash":"34873ff250aa2d1e472fd8abce9405ef_12.0.2"},"D:\\workspaces\\simplism8\\packages\\orm-core\\test\\models\\Company.ts":{"path":"D:\\workspaces\\simplism8\\packages\\orm-core\\test\\models\\Company.ts","statementMap":{"0":{"start":{"line":2,"column":17},"end":{"line":7,"column":1}},"1":{"start":{"line":3,"column":12},"end":{"line":3,"column":28}},"2":{"start":{"line":3,"column":34},"end":{"line":3,"column":125}},"3":{"start":{"line":4,"column":4},"end":{"line":5,"column":150}},"4":{"start":{"line":4,"column":79},"end":{"line":4,"column":131}},"5":{"start":{"line":5,"column":9},"end":{"line":5,"column":150}},"6":{"start":{"line":5,"column":58},"end":{"line":5,"column":150}},"7":{"start":{"line":5,"column":81},"end":{"line":5,"column":150}},"8":{"start":{"line":6,"column":4},"end":{"line":6,"column":66}},"9":{"start":{"line":8,"column":17},"end":{"line":10,"column":1}},"10":{"start":{"line":9,"column":4},"end":{"line":9,"column":109}},"11":{"start":{"line":9,"column":79},"end":{"line":9,"column":109}},"12":{"start":{"line":11,"column":0},"end":{"line":11,"column":62}},"13":{"start":{"line":12,"column":19},"end":{"line":12,"column":50}},"14":{"start":{"line":13,"column":15},"end":{"line":28,"column":3}},"15":{"start":{"line":16,"column":4},"end":{"line":19,"column":40}},"16":{"start":{"line":20,"column":4},"end":{"line":23,"column":42}},"17":{"start":{"line":24,"column":4},"end":{"line":26,"column":16}},"18":{"start":{"line":27,"column":4},"end":{"line":27,"column":19}},"19":{"start":{"line":29,"column":0},"end":{"line":29,"column":26}}},"fnMap":{"0":{"name":"(anonymous_0)","decl":{"start":{"line":2,"column":46},"end":{"line":2,"column":47}},"loc":{"start":{"line":2,"column":87},"end":{"line":7,"column":1}},"line":2},"1":{"name":"(anonymous_1)","decl":{"start":{"line":8,"column":46},"end":{"line":8,"column":47}},"loc":{"start":{"line":8,"column":62},"end":{"line":10,"column":1}},"line":8},"2":{"name":"(anonymous_2)","decl":{"start":{"line":13,"column":15},"end":{"line":13,"column":16}},"loc":{"start":{"line":13,"column":27},"end":{"line":28,"column":1}},"line":13},"3":{"name":"Company","decl":{"start":{"line":14,"column":13},"end":{"line":14,"column":20}},"loc":{"start":{"line":14,"column":23},"end":{"line":15,"column":5}},"line":14}},"branchMap":{"0":{"loc":{"start":{"line":2,"column":17},"end":{"line":7,"column":1}},"type":"binary-expr","locations":[{"start":{"line":2,"column":18},"end":{"line":2,"column":22}},{"start":{"line":2,"column":26},"end":{"line":2,"column":41}},{"start":{"line":2,"column":46},"end":{"line":7,"column":1}}],"line":2},"1":{"loc":{"start":{"line":3,"column":34},"end":{"line":3,"column":125}},"type":"cond-expr","locations":[{"start":{"line":3,"column":42},"end":{"line":3,"column":48}},{"start":{"line":3,"column":51},"end":{"line":3,"column":125}}],"line":3},"2":{"loc":{"start":{"line":3,"column":51},"end":{"line":3,"column":125}},"type":"cond-expr","locations":[{"start":{"line":3,"column":67},"end":{"line":3,"column":118}},{"start":{"line":3,"column":121},"end":{"line":3,"column":125}}],"line":3},"3":{"loc":{"start":{"line":4,"column":4},"end":{"line":5,"column":150}},"type":"if","locations":[{"start":{"line":4,"column":4},"end":{"line":5,"column":150}},{"start":{"line":4,"column":4},"end":{"line":5,"column":150}}],"line":4},"4":{"loc":{"start":{"line":4,"column":8},"end":{"line":4,"column":77}},"type":"binary-expr","locations":[{"start":{"line":4,"column":8},"end":{"line":4,"column":35}},{"start":{"line":4,"column":39},"end":{"line":4,"column":77}}],"line":4},"5":{"loc":{"start":{"line":5,"column":58},"end":{"line":5,"column":150}},"type":"if","locations":[{"start":{"line":5,"column":58},"end":{"line":5,"column":150}},{"start":{"line":5,"column":58},"end":{"line":5,"column":150}}],"line":5},"6":{"loc":{"start":{"line":5,"column":85},"end":{"line":5,"column":149}},"type":"binary-expr","locations":[{"start":{"line":5,"column":86},"end":{"line":5,"column":143}},{"start":{"line":5,"column":148},"end":{"line":5,"column":149}}],"line":5},"7":{"loc":{"start":{"line":5,"column":86},"end":{"line":5,"column":143}},"type":"cond-expr","locations":[{"start":{"line":5,"column":94},"end":{"line":5,"column":98}},{"start":{"line":5,"column":101},"end":{"line":5,"column":143}}],"line":5},"8":{"loc":{"start":{"line":5,"column":101},"end":{"line":5,"column":143}},"type":"cond-expr","locations":[{"start":{"line":5,"column":109},"end":{"line":5,"column":126}},{"start":{"line":5,"column":129},"end":{"line":5,"column":143}}],"line":5},"9":{"loc":{"start":{"line":6,"column":11},"end":{"line":6,"column":62}},"type":"binary-expr","locations":[{"start":{"line":6,"column":11},"end":{"line":6,"column":16}},{"start":{"line":6,"column":20},"end":{"line":6,"column":21}},{"start":{"line":6,"column":25},"end":{"line":6,"column":62}}],"line":6},"10":{"loc":{"start":{"line":8,"column":17},"end":{"line":10,"column":1}},"type":"binary-expr","locations":[{"start":{"line":8,"column":18},"end":{"line":8,"column":22}},{"start":{"line":8,"column":26},"end":{"line":8,"column":41}},{"start":{"line":8,"column":46},"end":{"line":10,"column":1}}],"line":8},"11":{"loc":{"start":{"line":9,"column":4},"end":{"line":9,"column":109}},"type":"if","locations":[{"start":{"line":9,"column":4},"end":{"line":9,"column":109}},{"start":{"line":9,"column":4},"end":{"line":9,"column":109}}],"line":9},"12":{"loc":{"start":{"line":9,"column":8},"end":{"line":9,"column":77}},"type":"binary-expr","locations":[{"start":{"line":9,"column":8},"end":{"line":9,"column":35}},{"start":{"line":9,"column":39},"end":{"line":9,"column":77}}],"line":9}},"s":{"0":1,"1":3,"2":3,"3":3,"4":0,"5":3,"6":5,"7":5,"8":3,"9":1,"10":2,"11":2,"12":1,"13":1,"14":1,"15":1,"16":1,"17":1,"18":1,"19":1},"f":{"0":3,"1":2,"2":1,"3":0},"b":{"0":[1,1,1],"1":[1,2],"2":[0,2],"3":[0,3],"4":[3,3],"5":[5,0],"6":[5,5],"7":[1,4],"8":[4,0],"9":[3,2,0],"10":[1,1,1],"11":[2,0],"12":[2,2]},"_coverageSchema":"d34fc3e6b8297bcde183f5492bcb8fcb36775295","hash":"37149eaeb6b662e715835bd7e6bed456396cb003","contentHash":"63eaabe837960e0aa9c0af2cab8989f1_12.0.2"}}